                                                                      Page 1
                                                              C:\Users\JAKAJ~1.ISY\AppData\Local\Temp\gh_00005341.si
Command Line: X:\GHS\V850\comp_201655\ease850.exe -w -elf -b0 -ID:\JakaJemec\winIDEA_public\Renesas\RH850_F1KM_GHS\targetInit\ -ID:\JakaJemec\winIDEA_public\Renesas\common -ID:\JakaJemec\winIDEA_public\Renesas\common\iTest -IX:\GHS\V850\comp_201655\lib\rh850_22 -cg_underscore -cpu=rh850g3k -nofpu -no_v850_simd -nomacro -patch_dbo=D:\JakaJemec\winIDEA_public\Renesas\RH850_F1KM_GHS\targetInit\sft_hal_ghs.dbo -source=sft_hal_ghs.c -o gh_00005341.o -list=sft_hal_ghs.lst C:\Users\JAKAJ~1.ISY\AppData\Local\Temp\gh_00005341.si 
Original File: C:\Users\JAKAJ~1.ISY\AppData\Local\Temp\gh_00005341.si
Source File: sft_hal_ghs.c
Directory: D:\JakaJemec\winIDEA_public\Renesas\RH850_F1KM_GHS\targetInit
Host OS: Windows
EASE: Copyright (C) 1983-2016 Green Hills Software.  All Rights Reserved.
Release: Compiler v2016.5.5
Build Directory: [Directory] BTOWINBOX:c:/build_2015_5_bto/2016-10-20.2030-2015_5_bto/win32-comp-ecom
Revision: [VCInfo] http://toolsvc/branches/release-branch-2015-5-bto/src@577807 (built by build)
Revision Date: Fri Oct 21 06:30:37 2016

Release Date: Fri Oct 21 08:02:41 2016

                           1 --Driver Command: cxv850
                           2 --		D:\JakaJemec\winIDEA_public\Renesas\RH850_F1KM_GHS\targetInit\sft_hal_ghs.c
                           3 --		-c -cpu=rh850 -G -list -Omoredebug -dual_debug -full_debug_info
                           4 --		-no_prepare_dispose -no_callt -sda=all -nopic -registermode=22
                           5 --		-reserve_r2 -reserve_r5 -passsource -preprocess_assembly_files
                           6 --		--exceptions --stdle -dwarf2 --STD --force_vtbl --rtti
                           7 --		-ID:\JakaJemec\winIDEA_public\Renesas\RH850_F1KM_GHS\targetInit\
                           8 --		-ID:\JakaJemec\winIDEA_public\Renesas\common
                           9 --		-ID:\JakaJemec\winIDEA_public\Renesas\common\iTest
                          10 --Source File:   D:\JakaJemec\winIDEA_public\Renesas\RH850_F1KM_GHS\targetInit\sft_hal_ghs.c
                          11 --Directory:     D:\JakaJemec\winIDEA_public\Renesas\RH850_F1KM_GHS\targetInit
                          12 --Compile Date:  Mon Nov 08 22:17:06 2021
                          13 --Host OS:       Win32
                          14 --Version:       C-RH850 2016.5.5 RELEASE VERSION
                          15 --Release:       Compiler v2016.5.5
                          16 --Revision Date: Fri Oct 21 06:36:40 2016
                          17 --Release Date:  Fri Oct 21 08:06:01 2016
                          18 -- ecom  -g -w
                          19 
                          20 --1: void isystem_sft_dbpush_r28(int value)
                          21 	.text
                          22 ..bof.D.3A.5CJakaJemec.5CwinIDEA_public.5CRenesas.5CRH850_F1KM_GHS.5CtargetInit.5Csft_hal_ghs...44.3A.5CJakaJemec.5CwinIDEA_public.5CRenesas.5CRH850_F1KM_GHS.5CtargetInit..618993D2..0::
                          23 	.align	2
                          24 	.align	2
                          25 ..gh.f.a.2.e.0:
                          26 	.type	..gh.f.a.2.e.0,@object
                          27 	.size	..gh.f.a.2.e.0,0
                          28 	.global	_isystem_sft_dbpush_r28
                          29 _isystem_sft_dbpush_r28:
00000000 5c1a             30 	add	-4,sp
00000002 63e70100         31 	st.w	r28,0[sp]
00000006 0608             32 	mov	r6,r1
                          33 --	    .bf
                          34 .LDW01:
                          35 --2: {
                          36 --3:   __asm("prepare {r28},0"); // save register r28    
                          37 ..gh.beginasm.1:
                          38 	.type	..gh.beginasm.1,@object
                          39 	.size	..gh.beginasm.1,0
00000008 80078100         40 prepare {r28},0
                          41 
                          42 ..gh.endasm.2:
                          43 	.type	..gh.endasm.2,@object
                          44 	.size	..gh.endasm.2,0
                          45 --4:   __asm( "mov %0, r28"
                          46 --line4
                          47 ..lin.D.3A.5CJakaJemec.5CwinIDEA_public.5CRenesas.5CRH850_F1KM_GHS.5CtargetInit.5Csft_hal_ghs.1::
                          48 .LDWlin1:
                          49 ..gh.beginasm.3:
                          50 	.type	..gh.beginasm.3,@object

                                                                      Page 2
                                                              C:\Users\JAKAJ~1.ISY\AppData\Local\Temp\gh_00005341.si
                          51 	.size	..gh.beginasm.3,0
0000000c 01e0             52 mov r1, r28
                          53 
                          54 ..gh.endasm.4:
                          55 	.type	..gh.endasm.4,@object
                          56 	.size	..gh.endasm.4,0
                          57 --5:    :
                          58 --6:    : "X" (value)
                          59 --7:    : "r28"
                          60 --8:     );                      // write value to register r28
                          61 --9:   __asm("DBPUSH r28-r28");  // output register r28
                          62 --line9
                          63 ..lin.D.3A.5CJakaJemec.5CwinIDEA_public.5CRenesas.5CRH850_F1KM_GHS.5CtargetInit.5Csft_hal_ghs.2::
                          64 .LDWlin2:
                          65 ..gh.beginasm.5:
                          66 	.type	..gh.beginasm.5,@object
                          67 	.size	..gh.beginasm.5,0
0000000e fc5f60e1         68 DBPUSH r28-r28
                          69 
                          70 ..gh.endasm.6:
                          71 	.type	..gh.endasm.6,@object
                          72 	.size	..gh.endasm.6,0
                          73 --10:   __asm("dispose 0,{r28}"); // restore register r28 
                          74 --line10
                          75 ..lin.D.3A.5CJakaJemec.5CwinIDEA_public.5CRenesas.5CRH850_F1KM_GHS.5CtargetInit.5Csft_hal_ghs.3::
                          76 .LDWlin3:
                          77 ..gh.beginasm.7:
                          78 	.type	..gh.beginasm.7,@object
                          79 	.size	..gh.beginasm.7,0
00000012 40068000         80 dispose 0,{r28}
                          81 
                          82 ..gh.endasm.8:
                          83 	.type	..gh.endasm.8,@object
                          84 	.size	..gh.endasm.8,0
                          85 --11: }
                          86 --	    .ef
                          87 .LDW11:
                          88 --line11
                          89 ..lin.D.3A.5CJakaJemec.5CwinIDEA_public.5CRenesas.5CRH850_F1KM_GHS.5CtargetInit.5Csft_hal_ghs.4::
                          90 .LDWlin4:
00000016 23e70100         91 	ld.w	0[sp],r28
0000001a 441a             92 	add	4,sp
                          93 	.jumptype return
0000001c 7f00             94 	jmp	[lp]
                          95 	.global	___ghs_eofn_isystem_sft_dbpush_r28
                          96 ___ghs_eofn_isystem_sft_dbpush_r28:
                          97 	.type	_isystem_sft_dbpush_r28,@function
                          98 	.size	_isystem_sft_dbpush_r28,.-_isystem_sft_dbpush_r28
                          99 	.align	2
                         100 
                         101 --_value	r1	param
                         102 
                         103 	.section ".bss","awb"
                         104 .L46:
                         105 	.type	.L46,@object
                         106 	.size	.L46,0
                         107 	.data
                         108 	.text
                         109 
                         110 	.align	2
                         111 

                                                                      Page 3
                                                              C:\Users\JAKAJ~1.ISY\AppData\Local\Temp\gh_00005341.si
                         112 	.data
                         113 	.ghsnote version,18
                         114 	.ghsnote tools,8195
                         115 	.ghsnote options,656
                         116 	.text
                         117 	.align	2
                         118 ..eof.D.3A.5CJakaJemec.5CwinIDEA_public.5CRenesas.5CRH850_F1KM_GHS.5CtargetInit.5Csft_hal_ghs...44.3A.5CJakaJemec.5CwinIDEA_public.5CRenesas.5CRH850_F1KM_GHS.5CtargetInit..618993D2..0::
                         119 	.section	.debug_info
                         120 .Ldw_begin:
00000000 1e010000        121 	.word	.Ldw_end-.Ldw_begin-4
00000004 0200            122 	.byte	2,0
00000006 00000000*       123 	.word	.Ldw_abbr_begin
0000000a 04              124 	.byte	4
                         125 	.section	.debug_abbrev
                         126 .Ldw_abbr_begin:
                         127 	.section	.debug_info
0000000b 01              128 	.byte	1
0000000c 00000000*       129 	.word	..bof.D.3A.5CJakaJemec.5CwinIDEA_public.5CRenesas.5CRH850_F1KM_GHS.5CtargetInit.5Csft_hal_ghs...44.3A.5CJakaJemec.5CwinIDEA_public.5CRenesas.5CRH850_F1KM_GHS.5CtargetInit..618993D2..0
00000010 00000000*       130 	.word	..eof.D.3A.5CJakaJemec.5CwinIDEA_public.5CRenesas.5CRH850_F1KM_GHS.5CtargetInit.5Csft_hal_ghs...44.3A.5CJakaJemec.5CwinIDEA_public.5CRenesas.5CRH850_F1KM_GHS.5CtargetInit..618993D2..0
00000014 443a5c4a616b    131 	.strz	"D:\\JakaJemec\\winIDEA_public\\Renesas\\RH850_F1KM_GHS\\targetInit\\sft_hal_ghs.c"
0000001a 614a656d6563 
00000020 5c77696e4944 
00000026 45415f707562 
0000002c 6c69635c5265 
00000032 6e657361735c 
00000038 52483835305f 
0000003e 46314b4d5f47 
00000044 48535c746172 
0000004a 676574496e69 
00000050 745c7366745f 
00000056 68616c5f6768 
0000005c 732e6300 
00000060 443a5c4a616b    132 	.strz	"D:\\JakaJemec\\winIDEA_public\\Renesas\\RH850_F1KM_GHS\\targetInit"
00000066 614a656d6563 
0000006c 5c77696e4944 
00000072 45415f707562 
00000078 6c69635c5265 
0000007e 6e657361735c 
00000084 52483835305f 
0000008a 46314b4d5f47 
00000090 48535c746172 
00000096 676574496e69 
0000009c 7400 
0000009e 474853204320    133 	.strz	"GHS C 2016.5.5 [dual]"
000000a4 323031362e35 
000000aa 2e35205b6475 
000000b0 616c5d00 
000000b4 0100            134 	.byte	1,0
000000b6 00000000*       135 	.word	.Ldw_line_begin
000000ba 00000000*       136 	.word	.Ldw_macinfo_begin
000000be 00              137 	.byte	0
                         138 
                         139 	.section	.debug_abbrev
00000000 01              140 	.byte	1
00000001 11              141 	.byte	17
00000002 01              142 	.byte	1
00000003 1101            143 	.byte	17,1
00000005 1201            144 	.byte	18,1
00000007 0308            145 	.byte	3,8
00000009 1b08            146 	.byte	27,8
0000000b 2508            147 	.byte	37,8

                                                                      Page 4
                                                              C:\Users\JAKAJ~1.ISY\AppData\Local\Temp\gh_00005341.si
0000000d 1305            148 	.byte	19,5
0000000f 1006            149 	.byte	16,6
00000011 4306            150 	.byte	67,6
00000013 420b            151 	.byte	66,11
00000015 0000            152 	.byte	0,0
                         153 
                         154 	.section	.debug_line
                         155 .Ldw_line_begin:
00000000 98000000        156 	.word	.Ldw_line_end-.Ldw_line_begin-4
00000004 0200            157 	.byte	2,0
00000006 00000000*       158 	.word	.Ldw_lpro_end-.Ldw_lpro_begin
                         159 .Ldw_lpro_begin:
0000000a 01              160 	.byte	1
0000000b 00              161 	.byte	0
0000000c 00              162 	.byte	0
0000000d 04              163 	.byte	4
0000000e 0a              164 	.byte	10
0000000f 000101          165 	.byte	0,1,1
00000012 010100          166 	.byte	1,1,0
00000015 000001          167 	.byte	0,0,1
00000018 00              168 	.byte	0
00000019 443a5c4a616b    169 	.strz	"D:\\JakaJemec\\winIDEA_public\\Renesas\\RH850_F1KM_GHS\\targetInit\\sft_hal_ghs.c"
0000001f 614a656d6563 
00000025 5c77696e4944 
0000002b 45415f707562 
00000031 6c69635c5265 
00000037 6e657361735c 
0000003d 52483835305f 
00000043 46314b4d5f47 
00000049 48535c746172 
0000004f 676574496e69 
00000055 745c7366745f 
0000005b 68616c5f6768 
00000061 732e6300 
00000065 000000          170 	.byte	0,0,0
00000068 00              171 	.byte	0
                         172 .Ldw_lpro_end:
                         173 	.section	.debug_macinfo
                         174 .Ldw_macinfo_begin:
                         175 	.section	.debug_frame
                         176 .LDW_4a33438:
00000000 00000000*       177 	.word	.LDW_unq_2-.LDW_unq_1
                         178 .LDW_unq_1:
00000004 ffffffff        179 	.byte	255,255,255,255
00000008 01              180 	.byte	1
00000009 00              181 	.byte	0
0000000a 01              182 	.byte	1
0000000b 01              183 	.byte	1
0000000c 1f              184 	.byte	31
0000000d 0c              185 	.byte	12
0000000e 03              186 	.byte	3
0000000f 00              187 	.byte	0
00000010 07              188 	.byte	7
00000011 00              189 	.byte	0
00000012 07              190 	.byte	7
00000013 01              191 	.byte	1
00000014 07              192 	.byte	7
00000015 02              193 	.byte	2
00000016 07              194 	.byte	7
00000017 03              195 	.byte	3
00000018 07              196 	.byte	7

                                                                      Page 5
                                                              C:\Users\JAKAJ~1.ISY\AppData\Local\Temp\gh_00005341.si
00000019 04              197 	.byte	4
0000001a 07              198 	.byte	7
0000001b 05              199 	.byte	5
0000001c 07              200 	.byte	7
0000001d 06              201 	.byte	6
0000001e 07              202 	.byte	7
0000001f 07              203 	.byte	7
00000020 07              204 	.byte	7
00000021 08              205 	.byte	8
00000022 07              206 	.byte	7
00000023 09              207 	.byte	9
00000024 07              208 	.byte	7
00000025 0a              209 	.byte	10
00000026 07              210 	.byte	7
00000027 0b              211 	.byte	11
00000028 07              212 	.byte	7
00000029 0c              213 	.byte	12
0000002a 07              214 	.byte	7
0000002b 0d              215 	.byte	13
0000002c 07              216 	.byte	7
0000002d 0e              217 	.byte	14
0000002e 07              218 	.byte	7
0000002f 0f              219 	.byte	15
00000030 07              220 	.byte	7
00000031 10              221 	.byte	16
00000032 07              222 	.byte	7
00000033 11              223 	.byte	17
00000034 07              224 	.byte	7
00000035 12              225 	.byte	18
00000036 07              226 	.byte	7
00000037 13              227 	.byte	19
00000038 08              228 	.byte	8
00000039 14              229 	.byte	20
0000003a 08              230 	.byte	8
0000003b 15              231 	.byte	21
0000003c 08              232 	.byte	8
0000003d 16              233 	.byte	22
0000003e 08              234 	.byte	8
0000003f 17              235 	.byte	23
00000040 08              236 	.byte	8
00000041 18              237 	.byte	24
00000042 08              238 	.byte	8
00000043 19              239 	.byte	25
00000044 08              240 	.byte	8
00000045 1a              241 	.byte	26
00000046 08              242 	.byte	8
00000047 1b              243 	.byte	27
00000048 08              244 	.byte	8
00000049 1c              245 	.byte	28
0000004a 08              246 	.byte	8
0000004b 1d              247 	.byte	29
0000004c 07              248 	.byte	7
0000004d 1e              249 	.byte	30
0000004e 08              250 	.byte	8
0000004f 1f              251 	.byte	31
00000050 07              252 	.byte	7
00000051 20              253 	.byte	32
00000052 07              254 	.byte	7
00000053 21              255 	.byte	33
00000054 07              256 	.byte	7
00000055 22              257 	.byte	34

                                                                      Page 6
                                                              C:\Users\JAKAJ~1.ISY\AppData\Local\Temp\gh_00005341.si
00000056 07              258 	.byte	7
00000057 23              259 	.byte	35
00000058 07              260 	.byte	7
00000059 24              261 	.byte	36
0000005a 07              262 	.byte	7
0000005b 25              263 	.byte	37
0000005c 07              264 	.byte	7
0000005d 26              265 	.byte	38
0000005e 07              266 	.byte	7
0000005f 27              267 	.byte	39
00000060 07              268 	.byte	7
00000061 28              269 	.byte	40
00000062 07              270 	.byte	7
00000063 29              271 	.byte	41
00000064 07              272 	.byte	7
00000065 2a              273 	.byte	42
00000066 07              274 	.byte	7
00000067 2b              275 	.byte	43
00000068 07              276 	.byte	7
00000069 2c              277 	.byte	44
0000006a 07              278 	.byte	7
0000006b 2d              279 	.byte	45
0000006c 07              280 	.byte	7
0000006d 2e              281 	.byte	46
0000006e 07              282 	.byte	7
0000006f 2f              283 	.byte	47
00000070 07              284 	.byte	7
00000071 30              285 	.byte	48
00000072 07              286 	.byte	7
00000073 31              287 	.byte	49
00000074 07              288 	.byte	7
00000075 32              289 	.byte	50
00000076 07              290 	.byte	7
00000077 33              291 	.byte	51
00000078 07              292 	.byte	7
00000079 34              293 	.byte	52
0000007a 07              294 	.byte	7
0000007b 35              295 	.byte	53
0000007c 07              296 	.byte	7
0000007d 36              297 	.byte	54
0000007e 07              298 	.byte	7
0000007f 37              299 	.byte	55
00000080 07              300 	.byte	7
00000081 38              301 	.byte	56
00000082 07              302 	.byte	7
00000083 39              303 	.byte	57
00000084 07              304 	.byte	7
00000085 3a              305 	.byte	58
00000086 07              306 	.byte	7
00000087 3b              307 	.byte	59
00000088 07              308 	.byte	7
00000089 3c              309 	.byte	60
0000008a 07              310 	.byte	7
0000008b 3d              311 	.byte	61
0000008c 07              312 	.byte	7
0000008d 3e              313 	.byte	62
0000008e 07              314 	.byte	7
0000008f 3f              315 	.byte	63
                         316 .LDW_unq_2:
                         317 	.section	.debug_info
                         318 .LDW_49f5848:

                                                                      Page 7
                                                              C:\Users\JAKAJ~1.ISY\AppData\Local\Temp\gh_00005341.si
000000bf 27              319 	.byte	39
000000c0 696e7400        320 	.strz	"int"
000000c4 05              321 	.byte	5
000000c5 04              322 	.byte	4
                         323 
                         324 	.section	.debug_abbrev
00000017 27              325 	.byte	39
00000018 24              326 	.byte	36
00000019 00              327 	.byte	0
0000001a 0308            328 	.byte	3,8
0000001c 3e0b            329 	.byte	62,11
0000001e 0b0b            330 	.byte	11,11
00000020 0000            331 	.byte	0,0
                         332 
                         333 	.section	.debug_info
                         334 .LDW_49f58b8:
000000c6 47              335 	.byte	71
000000c7 01              336 	.byte	1
                         337 
                         338 	.section	.debug_abbrev
00000022 47              339 	.byte	71
00000023 15              340 	.byte	21
00000024 01              341 	.byte	1
00000025 270c            342 	.byte	39,12
00000027 0000            343 	.byte	0,0
                         344 
                         345 	.section	.debug_info
                         346 .LDW_49f0910:
000000c8 14              347 	.byte	20
000000c9 00000000*       348 	.word	.LDW_49f5848
000000cd 00              349 	.byte	0
                         350 
                         351 	.section	.debug_abbrev
00000029 14              352 	.byte	20
0000002a 05              353 	.byte	5
0000002b 00              354 	.byte	0
0000002c 4910            355 	.byte	73,16
0000002e 4b0c            356 	.byte	75,12
00000030 0000            357 	.byte	0,0
                         358 
                         359 	.section	.debug_info
000000ce 00              360 	.byte	0
                         361 
                         362 .LDW_6344d10:
000000cf 15              363 	.byte	21
000000d0 697379737465    364 	.strz	"isystem_sft_dbpush_r28"
000000d6 6d5f7366745f 
000000dc 646270757368 
000000e2 5f72323800 
000000e7 01              365 	.byte	1
000000e8 06              366 	.byte	6
000000e9 01              367 	.byte	1
000000ea 00000000*       368 	.word	_isystem_sft_dbpush_r28
000000ee 00000000*       369 	.word	___ghs_eofn_isystem_sft_dbpush_r28
000000f2 0153            370 	.byte	1,83
000000f4 8280808001      371 	.byte	130,128,128,128,1
000000f9 04              372 	.byte	4
000000fa 828004          373 	.byte	130,128,4
000000fd 04              374 	.byte	4
000000fe 00              375 	.byte	0
000000ff 00              376 	.byte	0

                                                                      Page 8
                                                              C:\Users\JAKAJ~1.ISY\AppData\Local\Temp\gh_00005341.si
00000100 00              377 	.byte	0
00000101 01              378 	.byte	1
00000102 01              379 	.byte	1
00000103 00              380 	.byte	0
00000104 01              381 	.byte	1
                         382 
                         383 	.section	.debug_abbrev
00000032 15              384 	.byte	21
00000033 2e              385 	.byte	46
00000034 01              386 	.byte	1
00000035 0308            387 	.byte	3,8
00000037 3b0f            388 	.byte	59,15
00000039 390f            389 	.byte	57,15
0000003b 3a0f            390 	.byte	58,15
0000003d 1101            391 	.byte	17,1
0000003f 1201            392 	.byte	18,1
00000041 400a            393 	.byte	64,10
00000043 8341            394 	.byte	131,65
00000045 0f              395 	.byte	15
00000046 8741            396 	.byte	135,65
00000048 0d              397 	.byte	13
00000049 8541            398 	.byte	133,65
0000004b 0f              399 	.byte	15
0000004c 8641            400 	.byte	134,65
0000004e 0d              401 	.byte	13
0000004f 9241            402 	.byte	146,65
00000051 0f              403 	.byte	15
00000052 3c0c            404 	.byte	60,12
00000054 200b            405 	.byte	32,11
00000056 3f0c            406 	.byte	63,12
00000058 320b            407 	.byte	50,11
0000005a 4c0b            408 	.byte	76,11
0000005c 270c            409 	.byte	39,12
0000005e 0000            410 	.byte	0,0
                         411 
                         412 	.section	.debug_frame
                         413 .LDW_4a31e98:
00000090 00000000*       414 	.word	.LDW_unq_4-.LDW_unq_3
                         415 .LDW_unq_3:
00000094 00000000*       416 	.word	.LDW_4a33438
00000098 00000000*       417 	.word	_isystem_sft_dbpush_r28
0000009c 00000000*       418 	.word	___ghs_eofn_isystem_sft_dbpush_r28-_isystem_sft_dbpush_r28
000000a0 46              419 	.byte	70
000000a1 9c              420 	.byte	156
000000a2 00              421 	.byte	0
000000a3 01              422 	.byte	1
000000a4 00000000*       423 	.word	.LDW11
000000a8 44              424 	.byte	68
000000a9 dc              425 	.byte	220
000000aa 00              426 	.byte	0
000000ab 00              427 	.byte	0
                         428 .LDW_unq_4:
                         429 	.section	.debug_line
00000069 000502          430 	.byte	0,5,2
0000006c 00000000*       431 	.word	_isystem_sft_dbpush_r28
00000070 06              432 	.byte	6
00000071 0b              433 	.byte	11
00000072 2b              434 	.byte	43
00000073 000502          435 	.byte	0,5,2
00000076 00000000*       436 	.word	.LDWlin1
0000007a 0b              437 	.byte	11

                                                                      Page 9
                                                              C:\Users\JAKAJ~1.ISY\AppData\Local\Temp\gh_00005341.si
0000007b 000502          438 	.byte	0,5,2
0000007e 00000000*       439 	.word	.LDWlin2
00000082 03              440 	.byte	3
00000083 05              441 	.byte	5
00000084 02              442 	.byte	2
00000085 00              443 	.byte	0
00000086 01              444 	.byte	1
00000087 000502          445 	.byte	0,5,2
0000008a 00000000*       446 	.word	.LDWlin3
0000008e 0b              447 	.byte	11
0000008f 000502          448 	.byte	0,5,2
00000092 00000000*       449 	.word	.LDWlin4
00000096 0b              450 	.byte	11
00000097 02              451 	.byte	2
00000098 08              452 	.byte	8
00000099 000101          453 	.byte	0,1,1
                         454 	.section	.debug_info
                         455 .LDW_6344da8:
00000105 11              456 	.byte	17
00000106 76616c756500    457 	.strz	"value"
0000010c 01              458 	.byte	1
0000010d 21              459 	.byte	33
0000010e 01              460 	.byte	1
0000010f 00000000*       461 	.word	.LDW_49f5848
00000113 00              462 	.byte	0
00000114 0151            463 	.byte	1,81
                         464 
                         465 	.section	.debug_abbrev
00000060 11              466 	.byte	17
00000061 05              467 	.byte	5
00000062 00              468 	.byte	0
00000063 0308            469 	.byte	3,8
00000065 3b0f            470 	.byte	59,15
00000067 390f            471 	.byte	57,15
00000069 3a0f            472 	.byte	58,15
0000006b 4910            473 	.byte	73,16
0000006d 4b0c            474 	.byte	75,12
0000006f 020a            475 	.byte	2,10
00000071 0000            476 	.byte	0,0
                         477 
                         478 	.section	.debug_info
                         479 .LDW_4a39ed0:
00000116 1f              480 	.byte	31
00000117 00000000*       481 	.word	.LDW01
0000011b 00000000*       482 	.word	.LDW11
                         483 
                         484 	.section	.debug_abbrev
00000073 1f              485 	.byte	31
00000074 0b              486 	.byte	11
00000075 01              487 	.byte	1
00000076 1101            488 	.byte	17,1
00000078 1201            489 	.byte	18,1
0000007a 0000            490 	.byte	0,0
                         491 
                         492 	.section	.debug_info
0000011f 00              493 	.byte	0
                         494 
00000120 00              495 	.byte	0
                         496 
00000121 00              497 	.byte	0
                         498 

                                                                      Page 10
                                                              C:\Users\JAKAJ~1.ISY\AppData\Local\Temp\gh_00005341.si
                         499 	.section	.debug_line
                         500 .Ldw_line_end:
                         501 	.section	.debug_macinfo
00000000 01              502 	.byte	1
00000001 00              503 	.byte	0
00000002 5f5f44415445    504 	.strz	"__DATE__ \"Nov  8 2021\""
00000008 5f5f20224e6f 
0000000e 762020382032 
00000014 3032312200 
00000019 01              505 	.byte	1
0000001a 00              506 	.byte	0
0000001b 5f5f54494d45    507 	.strz	"__TIME__ \"22:17:06\""
00000021 5f5f20223232 
00000027 3a31373a3036 
0000002d 2200 
0000002f 01              508 	.byte	1
00000030 00              509 	.byte	0
00000031 5f5f4748535f    510 	.strz	"__GHS_REVISION_DATE \"Oct 21 2016\""
00000037 524556495349 
0000003d 4f4e5f444154 
00000043 4520224f6374 
00000049 203231203230 
0000004f 31362200 
00000053 01              511 	.byte	1
00000054 00              512 	.byte	0
00000055 5f5f4748535f    513 	.strz	"__GHS_REVISION_VALUE 1477024600"
0000005b 524556495349 
00000061 4f4e5f56414c 
00000067 554520313437 
0000006d 373032343630 
00000073 3000 
00000075 01              514 	.byte	1
00000076 00              515 	.byte	0
00000077 5f5f4748535f    516 	.strz	"__GHS_VERSION_NUMBER 201655"
0000007d 56455253494f 
00000083 4e5f4e554d42 
00000089 455220323031 
0000008f 36353500 
00000093 01              517 	.byte	1
00000094 00              518 	.byte	0
00000095 5f5f53544443    519 	.strz	"__STDC__ 1"
0000009b 5f5f203100 
000000a0 01              520 	.byte	1
000000a1 00              521 	.byte	0
000000a2 5f5f53544443    522 	.strz	"__STDC_HOSTED__ 1"
000000a8 5f484f535445 
000000ae 445f5f203100 
000000b4 01              523 	.byte	1
000000b5 00              524 	.byte	0
000000b6 5f5f53544443    525 	.strz	"__STDC_NO_ATOMICS__ 1"
000000bc 5f4e4f5f4154 
000000c2 4f4d4943535f 
000000c8 5f203100 
000000cc 01              526 	.byte	1
000000cd 00              527 	.byte	0
000000ce 5f5f4544475f    528 	.strz	"__EDG_VERSION__ 409"
000000d4 56455253494f 
000000da 4e5f5f203430 
000000e0 3900 
000000e2 01              529 	.byte	1
000000e3 00              530 	.byte	0

                                                                      Page 11
                                                              C:\Users\JAKAJ~1.ISY\AppData\Local\Temp\gh_00005341.si
000000e4 5f5f4544475f    531 	.strz	"__EDG_SIZE_TYPE__ unsigned int"
000000ea 53495a455f54 
000000f0 5950455f5f20 
000000f6 756e7369676e 
000000fc 656420696e74 
00000102 00 
00000103 01              532 	.byte	1
00000104 00              533 	.byte	0
00000105 5f5f4544475f    534 	.strz	"__EDG_PTRDIFF_TYPE__ int"
0000010b 505452444946 
00000111 465f54595045 
00000117 5f5f20696e74 
0000011d 00 
0000011e 01              535 	.byte	1
0000011f 00              536 	.byte	0
00000120 5f5f474e555f    537 	.strz	"__GNU_ASM_SUPPORT__ 1"
00000126 41534d5f5355 
0000012c 50504f52545f 
00000132 5f203100 
00000136 01              538 	.byte	1
00000137 00              539 	.byte	0
00000138 5f426f6f6c5f    540 	.strz	"_Bool_DEFINED 1"
0000013e 444546494e45 
00000144 44203100 
00000148 01              541 	.byte	1
00000149 00              542 	.byte	0
0000014a 5f5f4c494e45    543 	.strz	"__LINE__"
00000150 5f5f00 
00000153 01              544 	.byte	1
00000154 00              545 	.byte	0
00000155 5f5f46494c45    546 	.strz	"__FILE__"
0000015b 5f5f00 
0000015e 01              547 	.byte	1
0000015f 00              548 	.byte	0
00000160 646566696e65    549 	.strz	"defined"
00000166 6400 
00000168 01              550 	.byte	1
00000169 00              551 	.byte	0
0000016a 5f5f42415345    552 	.strz	"__BASE_FILE__"
00000170 5f46494c455f 
00000176 5f00 
00000178 01              553 	.byte	1
00000179 00              554 	.byte	0
0000017a 5f507261676d    555 	.strz	"_Pragma"
00000180 6100 
00000182 01              556 	.byte	1
00000183 00              557 	.byte	0
00000184 5f5f434f554e    558 	.strz	"__COUNTER__"
0000018a 5445525f5f00 
00000190 01              559 	.byte	1
00000191 00              560 	.byte	0
00000192 5f5f54494d45    561 	.strz	"__TIMESTAMP__"
00000198 5354414d505f 
0000019e 5f00 
000001a0 01              562 	.byte	1
000001a1 00              563 	.byte	0
000001a2 5f5f42415345    564 	.strz	"__BASE__"
000001a8 5f5f00 
000001ab 01              565 	.byte	1
000001ac 00              566 	.byte	0
000001ad 5f5f46554c4c    567 	.strz	"__FULL_FILE__"

                                                                      Page 12
                                                              C:\Users\JAKAJ~1.ISY\AppData\Local\Temp\gh_00005341.si
000001b3 5f46494c455f 
000001b9 5f00 
000001bb 01              568 	.byte	1
000001bc 00              569 	.byte	0
000001bd 5f5f46554c4c    570 	.strz	"__FULL_DIR__"
000001c3 5f4449525f5f 
000001c9 00 
000001ca 01              571 	.byte	1
000001cb 00              572 	.byte	0
000001cc 5f5f41534d53    573 	.strz	"__ASMSYM_INTERNAL"
000001d2 594d5f494e54 
000001d8 45524e414c00 
000001de 01              574 	.byte	1
000001df 00              575 	.byte	0
000001e0 5f5f67687320    576 	.strz	"__ghs 1"
000001e6 3100 
000001e8 01              577 	.byte	1
000001e9 00              578 	.byte	0
000001ea 5f5f6768735f    579 	.strz	"__ghs__ 1"
000001f0 5f203100 
000001f4 01              580 	.byte	1
000001f5 00              581 	.byte	0
000001f6 5f5f50524f54    582 	.strz	"__PROTOTYPES__ 1"
000001fc 4f5459504553 
00000202 5f5f203100 
00000207 01              583 	.byte	1
00000208 00              584 	.byte	0
00000209 5f5f53544443    585 	.strz	"__STDC__ 1"
0000020f 5f5f203100 
00000214 01              586 	.byte	1
00000215 00              587 	.byte	0
00000216 5f5f53544443    588 	.strz	"__STDC_HOSTED__ 1"
0000021c 5f484f535445 
00000222 445f5f203100 
00000228 01              589 	.byte	1
00000229 00              590 	.byte	0
0000022a 5f5f53544443    591 	.strz	"__STDC_VERSION__ 199901L"
00000230 5f5645525349 
00000236 4f4e5f5f2031 
0000023c 39393930314c 
00000242 00 
00000243 01              592 	.byte	1
00000244 00              593 	.byte	0
00000245 5f5f41545452    594 	.strz	"__ATTRIBUTES 1"
0000024b 494255544553 
00000251 203100 
00000254 01              595 	.byte	1
00000255 00              596 	.byte	0
00000256 5f5f4544475f    597 	.strz	"__EDG__ 1"
0000025c 5f203100 
00000260 01              598 	.byte	1
00000261 00              599 	.byte	0
00000262 5f5f536f6674    600 	.strz	"__SoftwareFloat 1"
00000268 77617265466c 
0000026e 6f6174203100 
00000274 01              601 	.byte	1
00000275 00              602 	.byte	0
00000276 5f5f536f6674    603 	.strz	"__SoftwareFloat__ 1"
0000027c 77617265466c 
00000282 6f61745f5f20 
00000288 3100 

                                                                      Page 13
                                                              C:\Users\JAKAJ~1.ISY\AppData\Local\Temp\gh_00005341.si
0000028a 01              604 	.byte	1
0000028b 00              605 	.byte	0
0000028c 5f5f536f6674    606 	.strz	"__SoftwareDouble 1"
00000292 77617265446f 
00000298 75626c652031 
0000029e 00 
0000029f 01              607 	.byte	1
000002a0 00              608 	.byte	0
000002a1 5f5f536f6674    609 	.strz	"__SoftwareDouble__ 1"
000002a7 77617265446f 
000002ad 75626c655f5f 
000002b3 203100 
000002b6 01              610 	.byte	1
000002b7 00              611 	.byte	0
000002b8 5f5f6768735f    612 	.strz	"__ghs_asm 2"
000002be 61736d203200 
000002c4 01              613 	.byte	1
000002c5 00              614 	.byte	0
000002c6 5f5f454c4620    615 	.strz	"__ELF 1"
000002cc 3100 
000002ce 01              616 	.byte	1
000002cf 00              617 	.byte	0
000002d0 5f5f454c465f    618 	.strz	"__ELF__ 1"
000002d6 5f203100 
000002da 01              619 	.byte	1
000002db 00              620 	.byte	0
000002dc 5f5f434f5245    621 	.strz	"__CORE_V850E3V5__ 1"
000002e2 5f5638353045 
000002e8 3356355f5f20 
000002ee 3100 
000002f0 01              622 	.byte	1
000002f1 00              623 	.byte	0
000002f2 5f5f434f5245    624 	.strz	"__CORE_V850E2V3__ 1"
000002f8 5f5638353045 
000002fe 3256335f5f20 
00000304 3100 
00000306 01              625 	.byte	1
00000307 00              626 	.byte	0
00000308 5f5f434f5245    627 	.strz	"__CORE_V850E2R__ 1"
0000030e 5f5638353045 
00000314 32525f5f2031 
0000031a 00 
0000031b 01              628 	.byte	1
0000031c 00              629 	.byte	0
0000031d 5f5f434f5245    630 	.strz	"__CORE_V850E2__ 1"
00000323 5f5638353045 
00000329 325f5f203100 
0000032f 01              631 	.byte	1
00000330 00              632 	.byte	0
00000331 5f5f434f5245    633 	.strz	"__CORE_V850E__ 1"
00000337 5f5638353045 
0000033d 5f5f203100 
00000342 01              634 	.byte	1
00000343 00              635 	.byte	0
00000344 5f5f434f5245    636 	.strz	"__CORE_V850__ 1"
0000034a 5f563835305f 
00000350 5f203100 
00000354 01              637 	.byte	1
00000355 00              638 	.byte	0
00000356 5f5f56383530    639 	.strz	"__V850E 1"
0000035c 45203100 

                                                                      Page 14
                                                              C:\Users\JAKAJ~1.ISY\AppData\Local\Temp\gh_00005341.si
00000360 01              640 	.byte	1
00000361 00              641 	.byte	0
00000362 5f5f56383530    642 	.strz	"__V850E__ 1"
00000368 455f5f203100 
0000036e 01              643 	.byte	1
0000036f 00              644 	.byte	0
00000370 5f5f56383530    645 	.strz	"__V850E2 1"
00000376 4532203100 
0000037b 01              646 	.byte	1
0000037c 00              647 	.byte	0
0000037d 5f5f56383530    648 	.strz	"__V850E2__ 1"
00000383 45325f5f2031 
00000389 00 
0000038a 01              649 	.byte	1
0000038b 00              650 	.byte	0
0000038c 5f5f56383530    651 	.strz	"__V850E2R 1"
00000392 453252203100 
00000398 01              652 	.byte	1
00000399 00              653 	.byte	0
0000039a 5f5f56383530    654 	.strz	"__V850E2R__ 1"
000003a0 4532525f5f20 
000003a6 3100 
000003a8 01              655 	.byte	1
000003a9 00              656 	.byte	0
000003aa 5f5f56383530    657 	.strz	"__V850E2RV3 1"
000003b0 453252563320 
000003b6 3100 
000003b8 01              658 	.byte	1
000003b9 00              659 	.byte	0
000003ba 5f5f56383530    660 	.strz	"__V850E2RV3__ 1"
000003c0 45325256335f 
000003c6 5f203100 
000003ca 01              661 	.byte	1
000003cb 00              662 	.byte	0
000003cc 5f5f56383530    663 	.strz	"__V850E2V3 1"
000003d2 453256332031 
000003d8 00 
000003d9 01              664 	.byte	1
000003da 00              665 	.byte	0
000003db 5f5f56383530    666 	.strz	"__V850E2V3__ 1"
000003e1 453256335f5f 
000003e7 203100 
000003ea 01              667 	.byte	1
000003eb 00              668 	.byte	0
000003ec 5f5f56383530    669 	.strz	"__V850E3 1"
000003f2 4533203100 
000003f7 01              670 	.byte	1
000003f8 00              671 	.byte	0
000003f9 5f5f56383530    672 	.strz	"__V850E3__ 1"
000003ff 45335f5f2031 
00000405 00 
00000406 01              673 	.byte	1
00000407 00              674 	.byte	0
00000408 5f5f56383530    675 	.strz	"__V850E3V5 1"
0000040e 453356352031 
00000414 00 
00000415 01              676 	.byte	1
00000416 00              677 	.byte	0
00000417 5f5f56383530    678 	.strz	"__V850E3V5__ 1"
0000041d 453356355f5f 
00000423 203100 

                                                                      Page 15
                                                              C:\Users\JAKAJ~1.ISY\AppData\Local\Temp\gh_00005341.si
00000426 01              679 	.byte	1
00000427 00              680 	.byte	0
00000428 5f5f52483835    681 	.strz	"__RH850 1"
0000042e 30203100 
00000432 01              682 	.byte	1
00000433 00              683 	.byte	0
00000434 5f5f52483835    684 	.strz	"__RH850__ 1"
0000043a 305f5f203100 
00000440 01              685 	.byte	1
00000441 00              686 	.byte	0
00000442 5f5f56383530    687 	.strz	"__V850 1"
00000448 203100 
0000044b 01              688 	.byte	1
0000044c 00              689 	.byte	0
0000044d 5f5f56383530    690 	.strz	"__V850__ 1"
00000453 5f5f203100 
00000458 01              691 	.byte	1
00000459 00              692 	.byte	0
0000045a 5f5f52483835    693 	.strz	"__RH850G3K__ 1"
00000460 3047334b5f5f 
00000466 203100 
00000469 01              694 	.byte	1
0000046a 00              695 	.byte	0
0000046b 5f5f52483835    696 	.strz	"__RH850G3K 1"
00000471 3047334b2031 
00000477 00 
00000478 01              697 	.byte	1
00000479 00              698 	.byte	0
0000047a 5f5f56383030    699 	.strz	"__V800_reserve_r2 1"
00000480 5f7265736572 
00000486 76655f723220 
0000048c 3100 
0000048e 01              700 	.byte	1
0000048f 00              701 	.byte	0
00000490 5f5f56383030    702 	.strz	"__V800_reserve_r2__ 1"
00000496 5f7265736572 
0000049c 76655f72325f 
000004a2 5f203100 
000004a6 01              703 	.byte	1
000004a7 00              704 	.byte	0
000004a8 5f5f56383030    705 	.strz	"__V800_no_rosda 1"
000004ae 5f6e6f5f726f 
000004b4 736461203100 
000004ba 01              706 	.byte	1
000004bb 00              707 	.byte	0
000004bc 5f5f56383030    708 	.strz	"__V800_no_rosda__ 1"
000004c2 5f6e6f5f726f 
000004c8 7364615f5f20 
000004ce 3100 
000004d0 01              709 	.byte	1
000004d1 00              710 	.byte	0
000004d2 5f5f56383030    711 	.strz	"__V800_reserve_r5 1"
000004d8 5f7265736572 
000004de 76655f723520 
000004e4 3100 
000004e6 01              712 	.byte	1
000004e7 00              713 	.byte	0
000004e8 5f5f56383030    714 	.strz	"__V800_reserve_r5__ 1"
000004ee 5f7265736572 
000004f4 76655f72355f 
000004fa 5f203100 

                                                                      Page 16
                                                              C:\Users\JAKAJ~1.ISY\AppData\Local\Temp\gh_00005341.si
000004fe 01              715 	.byte	1
000004ff 00              716 	.byte	0
00000500 5f5f56383030    717 	.strz	"__V800_registermode 22"
00000506 5f7265676973 
0000050c 7465726d6f64 
00000512 6520323200 
00000517 01              718 	.byte	1
00000518 00              719 	.byte	0
00000519 5f5f56383030    720 	.strz	"__V800_registermode__ 22"
0000051f 5f7265676973 
00000525 7465726d6f64 
0000052b 655f5f203232 
00000531 00 
00000532 01              721 	.byte	1
00000533 00              722 	.byte	0
00000534 5f5f56383030    723 	.strz	"__V800_no_callt 1"
0000053a 5f6e6f5f6361 
00000540 6c6c74203100 
00000546 01              724 	.byte	1
00000547 00              725 	.byte	0
00000548 5f5f56383030    726 	.strz	"__V800_no_callt__ 1"
0000054e 5f6e6f5f6361 
00000554 6c6c745f5f20 
0000055a 3100 
0000055c 01              727 	.byte	1
0000055d 00              728 	.byte	0
0000055e 5f5f56383030    729 	.strz	"__V800 1"
00000564 203100 
00000567 01              730 	.byte	1
00000568 00              731 	.byte	0
00000569 5f5f56383030    732 	.strz	"__V800__ 1"
0000056f 5f5f203100 
00000574 01              733 	.byte	1
00000575 00              734 	.byte	0
00000576 5f5f76383530    735 	.strz	"__v850 1"
0000057c 203100 
0000057f 01              736 	.byte	1
00000580 00              737 	.byte	0
00000581 5f5f76383531    738 	.strz	"__v851__ 1"
00000587 5f5f203100 
0000058c 01              739 	.byte	1
0000058d 00              740 	.byte	0
0000058e 5f5f76383530    741 	.strz	"__v850e__ 1"
00000594 655f5f203100 
0000059a 01              742 	.byte	1
0000059b 00              743 	.byte	0
0000059c 5f5f52483835    744 	.strz	"__RH850_ABI_GHS2015__ 1"
000005a2 305f4142495f 
000005a8 474853323031 
000005ae 355f5f203100 
000005b4 01              745 	.byte	1
000005b5 00              746 	.byte	0
000005b6 5f5f6768735f    747 	.strz	"__ghs_alignment 8"
000005bc 616c69676e6d 
000005c2 656e74203800 
000005c8 01              748 	.byte	1
000005c9 00              749 	.byte	0
000005ca 5f5f6768735f    750 	.strz	"__ghs_max_pack_value 8"
000005d0 6d61785f7061 
000005d6 636b5f76616c 
000005dc 7565203800 

                                                                      Page 17
                                                              C:\Users\JAKAJ~1.ISY\AppData\Local\Temp\gh_00005341.si
000005e1 01              751 	.byte	1
000005e2 00              752 	.byte	0
000005e3 5f5f6768735f    753 	.strz	"__ghs_sda_threshold 32767"
000005e9 7364615f7468 
000005ef 726573686f6c 
000005f5 642033323736 
000005fb 3700 
000005fd 01              754 	.byte	1
000005fe 00              755 	.byte	0
000005ff 5f5f6768735f    756 	.strz	"__ghs_sda 1"
00000605 736461203100 
0000060b 01              757 	.byte	1
0000060c 00              758 	.byte	0
0000060d 5f5f6768735f    759 	.strz	"__ghs_zda 1"
00000613 7a6461203100 
00000619 01              760 	.byte	1
0000061a 00              761 	.byte	0
0000061b 5f5f4c697474    762 	.strz	"__LittleEndian 1"
00000621 6c65456e6469 
00000627 616e203100 
0000062c 01              763 	.byte	1
0000062d 00              764 	.byte	0
0000062e 5f5f4c697474    765 	.strz	"__LittleEndian__ 1"
00000634 6c65456e6469 
0000063a 616e5f5f2031 
00000640 00 
00000641 01              766 	.byte	1
00000642 00              767 	.byte	0
00000643 5f5f4c495454    768 	.strz	"__LITTLE_ENDIAN__ 1"
00000649 4c455f454e44 
0000064f 49414e5f5f20 
00000655 3100 
00000657 01              769 	.byte	1
00000658 00              770 	.byte	0
00000659 5f5f49656565    771 	.strz	"__IeeeFloat 1"
0000065f 466c6f617420 
00000665 3100 
00000667 01              772 	.byte	1
00000668 00              773 	.byte	0
00000669 5f5f49656565    774 	.strz	"__IeeeFloat__ 1"
0000066f 466c6f61745f 
00000675 5f203100 
00000679 01              775 	.byte	1
0000067a 00              776 	.byte	0
0000067b 5f5f43686172    777 	.strz	"__Char_Is_Signed__ 1"
00000681 5f49735f5369 
00000687 676e65645f5f 
0000068d 203100 
00000690 01              778 	.byte	1
00000691 00              779 	.byte	0
00000692 5f5f5349474e    780 	.strz	"__SIGNED_CHARS__ 1"
00000698 45445f434841 
0000069e 52535f5f2031 
000006a4 00 
000006a5 01              781 	.byte	1
000006a6 00              782 	.byte	0
000006a7 5f5f5074725f    783 	.strz	"__Ptr_Is_Unsigned__ 1"
000006ad 49735f556e73 
000006b3 69676e65645f 
000006b9 5f203100 
000006bd 01              784 	.byte	1

                                                                      Page 18
                                                              C:\Users\JAKAJ~1.ISY\AppData\Local\Temp\gh_00005341.si
000006be 00              785 	.byte	0
000006bf 5f5f4669656c    786 	.strz	"__Field_Is_Signed__ 1"
000006c5 645f49735f53 
000006cb 69676e65645f 
000006d1 5f203100 
000006d5 01              787 	.byte	1
000006d6 00              788 	.byte	0
000006d7 5f5f456e756d    789 	.strz	"__Enum_Field_Is_Signed__ 1"
000006dd 5f4669656c64 
000006e3 5f49735f5369 
000006e9 676e65645f5f 
000006ef 203100 
000006f2 01              790 	.byte	1
000006f3 00              791 	.byte	0
000006f4 5f5f496e745f    792 	.strz	"__Int_Is_32 1"
000006fa 49735f333220 
00000700 3100 
00000702 01              793 	.byte	1
00000703 00              794 	.byte	0
00000704 5f5f4c6f6e67    795 	.strz	"__Long_Is_32 1"
0000070a 5f49735f3332 
00000710 203100 
00000713 01              796 	.byte	1
00000714 00              797 	.byte	0
00000715 5f5f4c4c5f49    798 	.strz	"__LL_Is_64 1"
0000071b 735f36342031 
00000721 00 
00000722 01              799 	.byte	1
00000723 00              800 	.byte	0
00000724 5f5f5074725f    801 	.strz	"__Ptr_Is_32 1"
0000072a 49735f333220 
00000730 3100 
00000732 01              802 	.byte	1
00000733 00              803 	.byte	0
00000734 5f5f43484152    804 	.strz	"__CHAR_BIT 8"
0000073a 5f4249542038 
00000740 00 
00000741 01              805 	.byte	1
00000742 00              806 	.byte	0
00000743 5f5f53485254    807 	.strz	"__SHRT_BIT 16"
00000749 5f4249542031 
0000074f 3600 
00000751 01              808 	.byte	1
00000752 00              809 	.byte	0
00000753 5f5f494e545f    810 	.strz	"__INT_BIT 32"
00000759 424954203332 
0000075f 00 
00000760 01              811 	.byte	1
00000761 00              812 	.byte	0
00000762 5f5f4c4f4e47    813 	.strz	"__LONG_BIT 32"
00000768 5f4249542033 
0000076e 3200 
00000770 01              814 	.byte	1
00000771 00              815 	.byte	0
00000772 5f5f57434841    816 	.strz	"__WCHAR_BIT 32"
00000778 525f42495420 
0000077e 333200 
00000781 01              817 	.byte	1
00000782 00              818 	.byte	0
00000783 5f5f5054525f    819 	.strz	"__PTR_BIT 32"
00000789 424954203332 

                                                                      Page 19
                                                              C:\Users\JAKAJ~1.ISY\AppData\Local\Temp\gh_00005341.si
0000078f 00 
00000790 01              820 	.byte	1
00000791 00              821 	.byte	0
00000792 5f5f46554e43    822 	.strz	"__FUNCPTR_BIT 32"
00000798 5054525f4249 
0000079e 5420333200 
000007a3 01              823 	.byte	1
000007a4 00              824 	.byte	0
000007a5 5f5f54494d45    825 	.strz	"__TIME_T_BIT 32"
000007ab 5f545f424954 
000007b1 20333200 
000007b5 01              826 	.byte	1
000007b6 00              827 	.byte	0
000007b7 5f5f4c4c5f42    828 	.strz	"__LL_BIT 64"
000007bd 495420363400 
000007c3 01              829 	.byte	1
000007c4 00              830 	.byte	0
000007c5 5f5f4c4c4f4e    831 	.strz	"__LLONG_BIT 64"
000007cb 475f42495420 
000007d1 363400 
000007d4 01              832 	.byte	1
000007d5 00              833 	.byte	0
000007d6 5f5f4d41585f    834 	.strz	"__MAX_BIT 64"
000007dc 424954203634 
000007e2 00 
000007e3 01              835 	.byte	1
000007e4 00              836 	.byte	0
000007e5 5f5f4c44424c    837 	.strz	"__LDBL_BIT 64"
000007eb 5f4249542036 
000007f1 3400 
000007f3 01              838 	.byte	1
000007f4 00              839 	.byte	0
000007f5 5f5f4c44424c    840 	.strz	"__LDBL_SIZE 8"
000007fb 5f53495a4520 
00000801 3800 
00000803 01              841 	.byte	1
00000804 00              842 	.byte	0
00000805 5f5f5245475f    843 	.strz	"__REG_BIT 32"
0000080b 424954203332 
00000811 00 
00000812 01              844 	.byte	1
00000813 00              845 	.byte	0
00000814 5f5f46524547    846 	.strz	"__FREG_BIT 32"
0000081a 5f4249542033 
00000820 3200 
00000822 01              847 	.byte	1
00000823 00              848 	.byte	0
00000824 5f5f5265675f    849 	.strz	"__Reg_Is_32 1"
0000082a 49735f333220 
00000830 3100 
00000832 01              850 	.byte	1
00000833 00              851 	.byte	0
00000834 5f5f57436861    852 	.strz	"__WChar_Is_Signed__ 1"
0000083a 725f49735f53 
00000840 69676e65645f 
00000846 5f203100 
0000084a 01              853 	.byte	1
0000084b 00              854 	.byte	0
0000084c 5f5f57436861    855 	.strz	"__WChar_Is_Long__ 1"
00000852 725f49735f4c 
00000858 6f6e675f5f20 

                                                                      Page 20
                                                              C:\Users\JAKAJ~1.ISY\AppData\Local\Temp\gh_00005341.si
0000085e 3100 
00000860 01              856 	.byte	1
00000861 00              857 	.byte	0
00000862 5f5f4c414e47    858 	.strz	"__LANGUAGE_C 1"
00000868 554147455f43 
0000086e 203100 
00000871 01              859 	.byte	1
00000872 00              860 	.byte	0
00000873 5f5f4c414e47    861 	.strz	"__LANGUAGE_C__ 1"
00000879 554147455f43 
0000087f 5f5f203100 
00000884 01              862 	.byte	1
00000885 00              863 	.byte	0
00000886 5f5f4748535f    864 	.strz	"__GHS_FEATURE_STRIPPED 1"
0000088c 464541545552 
00000892 455f53545249 
00000898 505045442031 
0000089e 00 
0000089f 01              865 	.byte	1
000008a0 00              866 	.byte	0
000008a1 5f5f4748535f    867 	.strz	"__GHS_FEATURE_DISABLED 2"
000008a7 464541545552 
000008ad 455f44495341 
000008b3 424c45442032 
000008b9 00 
000008ba 01              868 	.byte	1
000008bb 00              869 	.byte	0
000008bc 5f5f4748535f    870 	.strz	"__GHS_FEATURE_ENABLED 3"
000008c2 464541545552 
000008c8 455f454e4142 
000008ce 4c4544203300 
000008d4 03              871 	.byte	3
000008d5 00              872 	.byte	0
000008d6 01              873 	.byte	1
000008d7 04              874 	.byte	4
000008d8 00              875 	.byte	0
                         876 	.section	.debug_abbrev
0000007c 00              877 	.byte	0
                         878 	.section	.debug_info
                         879 .Ldw_end:
                         880 .rh850_flags REGMODE22,DATA_ALIGN8,GP_FIX,EP_NONFIX,TP_FIX,REG2_RESERVE,G3K,SDA_EXTRA_REGS_0
