                                                                      Page 1
                                                              C:\Users\JAKAJ~1.ISY\AppData\Local\Temp\gh_000077c1.si
Command Line: X:\GHS\V850\comp_201655\ease850.exe -w -elf -b0 -ID:\JakaJemec\winIDEA_public\Renesas\RH850_F1KM_GHS\emptyTargetInit\ -ID:\JakaJemec\winIDEA_public\Renesas\common -ID:\JakaJemec\winIDEA_public\Renesas\common\iTest -IX:\GHS\V850\comp_201655\lib\rh850_22 -cg_underscore -cpu=rh850g3k -nofpu -no_v850_simd -nomacro -patch_dbo=D:\JakaJemec\winIDEA_public\Renesas\RH850_F1KM_GHS\emptyTargetInit\sft_hal_ghs.dbo -source=sft_hal_ghs.c -o gh_000077c1.o -list=sft_hal_ghs.lst C:\Users\JAKAJ~1.ISY\AppData\Local\Temp\gh_000077c1.si 
Original File: C:\Users\JAKAJ~1.ISY\AppData\Local\Temp\gh_000077c1.si
Source File: sft_hal_ghs.c
Directory: D:\JakaJemec\winIDEA_public\Renesas\RH850_F1KM_GHS\emptyTargetInit
Host OS: Windows
EASE: Copyright (C) 1983-2016 Green Hills Software.  All Rights Reserved.
Release: Compiler v2016.5.5
Build Directory: [Directory] BTOWINBOX:c:/build_2015_5_bto/2016-10-20.2030-2015_5_bto/win32-comp-ecom
Revision: [VCInfo] http://toolsvc/branches/release-branch-2015-5-bto/src@577807 (built by build)
Revision Date: Fri Oct 21 06:30:37 2016

Release Date: Fri Oct 21 08:02:41 2016

                           1 --Driver Command: cxv850
                           2 --		D:\JakaJemec\winIDEA_public\Renesas\RH850_F1KM_GHS\emptyTargetInit\sft_hal_ghs.c
                           3 --		-c -cpu=rh850 -G -list -Omoredebug -dual_debug -full_debug_info
                           4 --		-no_prepare_dispose -no_callt -sda=all -nopic -registermode=22
                           5 --		-reserve_r2 -reserve_r5 -passsource -preprocess_assembly_files
                           6 --		--exceptions --stdle -dwarf2 --STD --force_vtbl --rtti
                           7 --		-ID:\JakaJemec\winIDEA_public\Renesas\RH850_F1KM_GHS\emptyTargetInit\
                           8 --		-ID:\JakaJemec\winIDEA_public\Renesas\common
                           9 --		-ID:\JakaJemec\winIDEA_public\Renesas\common\iTest
                          10 --		-DEMPTY_TARGET_INIT
                          11 --Source File:   D:\JakaJemec\winIDEA_public\Renesas\RH850_F1KM_GHS\emptyTargetInit\sft_hal_ghs.c
                          12 --Directory:     
                          13 --		D:\JakaJemec\winIDEA_public\Renesas\RH850_F1KM_GHS\emptyTargetInit
                          14 --Compile Date:  Mon Nov 08 22:12:35 2021
                          15 --Host OS:       Win32
                          16 --Version:       C-RH850 2016.5.5 RELEASE VERSION
                          17 --Release:       Compiler v2016.5.5
                          18 --Revision Date: Fri Oct 21 06:36:40 2016
                          19 --Release Date:  Fri Oct 21 08:06:01 2016
                          20 -- ecom  -g -w
                          21 
                          22 --1: void isystem_sft_dbpush_r28(int value)
                          23 	.text
                          24 ..bof.D.3A.5CJakaJemec.5CwinIDEA_public.5CRenesas.5CRH850_F1KM_GHS.5CemptyTargetInit.5Csft_hal_ghs...44.3A.5CJakaJemec.5CwinIDEA_public.5CRenesas.5CRH850_F1KM_GHS.5CemptyTargetInit..618992C4..0::
                          25 	.align	2
                          26 	.align	2
                          27 ..gh.f.a.2.e.0:
                          28 	.type	..gh.f.a.2.e.0,@object
                          29 	.size	..gh.f.a.2.e.0,0
                          30 	.global	_isystem_sft_dbpush_r28
                          31 _isystem_sft_dbpush_r28:
00000000 5c1a             32 	add	-4,sp
00000002 63e70100         33 	st.w	r28,0[sp]
00000006 0608             34 	mov	r6,r1
                          35 --	    .bf
                          36 .LDW01:
                          37 --2: {
                          38 --3:   __asm("prepare {r28},0"); // save register r28    
                          39 ..gh.beginasm.1:
                          40 	.type	..gh.beginasm.1,@object
                          41 	.size	..gh.beginasm.1,0
00000008 80078100         42 prepare {r28},0
                          43 
                          44 ..gh.endasm.2:
                          45 	.type	..gh.endasm.2,@object
                          46 	.size	..gh.endasm.2,0
                          47 --4:   __asm( "mov %0, r28"
                          48 --line4
                          49 ..lin.D.3A.5CJakaJemec.5CwinIDEA_public.5CRenesas.5CRH850_F1KM_GHS.5CemptyTargetInit.5Csft_hal_ghs.1::
                          50 .LDWlin1:

                                                                      Page 2
                                                              C:\Users\JAKAJ~1.ISY\AppData\Local\Temp\gh_000077c1.si
                          51 ..gh.beginasm.3:
                          52 	.type	..gh.beginasm.3,@object
                          53 	.size	..gh.beginasm.3,0
0000000c 01e0             54 mov r1, r28
                          55 
                          56 ..gh.endasm.4:
                          57 	.type	..gh.endasm.4,@object
                          58 	.size	..gh.endasm.4,0
                          59 --5:    :
                          60 --6:    : "X" (value)
                          61 --7:    : "r28"
                          62 --8:     );                      // write value to register r28
                          63 --9:   __asm("DBPUSH r28-r28");  // output register r28
                          64 --line9
                          65 ..lin.D.3A.5CJakaJemec.5CwinIDEA_public.5CRenesas.5CRH850_F1KM_GHS.5CemptyTargetInit.5Csft_hal_ghs.2::
                          66 .LDWlin2:
                          67 ..gh.beginasm.5:
                          68 	.type	..gh.beginasm.5,@object
                          69 	.size	..gh.beginasm.5,0
0000000e fc5f60e1         70 DBPUSH r28-r28
                          71 
                          72 ..gh.endasm.6:
                          73 	.type	..gh.endasm.6,@object
                          74 	.size	..gh.endasm.6,0
                          75 --10:   __asm("dispose 0,{r28}"); // restore register r28 
                          76 --line10
                          77 ..lin.D.3A.5CJakaJemec.5CwinIDEA_public.5CRenesas.5CRH850_F1KM_GHS.5CemptyTargetInit.5Csft_hal_ghs.3::
                          78 .LDWlin3:
                          79 ..gh.beginasm.7:
                          80 	.type	..gh.beginasm.7,@object
                          81 	.size	..gh.beginasm.7,0
00000012 40068000         82 dispose 0,{r28}
                          83 
                          84 ..gh.endasm.8:
                          85 	.type	..gh.endasm.8,@object
                          86 	.size	..gh.endasm.8,0
                          87 --11: }
                          88 --	    .ef
                          89 .LDW11:
                          90 --line11
                          91 ..lin.D.3A.5CJakaJemec.5CwinIDEA_public.5CRenesas.5CRH850_F1KM_GHS.5CemptyTargetInit.5Csft_hal_ghs.4::
                          92 .LDWlin4:
00000016 23e70100         93 	ld.w	0[sp],r28
0000001a 441a             94 	add	4,sp
                          95 	.jumptype return
0000001c 7f00             96 	jmp	[lp]
                          97 	.global	___ghs_eofn_isystem_sft_dbpush_r28
                          98 ___ghs_eofn_isystem_sft_dbpush_r28:
                          99 	.type	_isystem_sft_dbpush_r28,@function
                         100 	.size	_isystem_sft_dbpush_r28,.-_isystem_sft_dbpush_r28
                         101 	.align	2
                         102 
                         103 --_value	r1	param
                         104 
                         105 	.section ".bss","awb"
                         106 .L46:
                         107 	.type	.L46,@object
                         108 	.size	.L46,0
                         109 	.data
                         110 	.text
                         111 

                                                                      Page 3
                                                              C:\Users\JAKAJ~1.ISY\AppData\Local\Temp\gh_000077c1.si
                         112 	.align	2
                         113 
                         114 	.data
                         115 	.ghsnote version,18
                         116 	.ghsnote tools,8195
                         117 	.ghsnote options,656
                         118 	.text
                         119 	.align	2
                         120 ..eof.D.3A.5CJakaJemec.5CwinIDEA_public.5CRenesas.5CRH850_F1KM_GHS.5CemptyTargetInit.5Csft_hal_ghs...44.3A.5CJakaJemec.5CwinIDEA_public.5CRenesas.5CRH850_F1KM_GHS.5CemptyTargetInit..618992C4..0::
                         121 	.section	.debug_info
                         122 .Ldw_begin:
00000000 28010000        123 	.word	.Ldw_end-.Ldw_begin-4
00000004 0200            124 	.byte	2,0
00000006 00000000*       125 	.word	.Ldw_abbr_begin
0000000a 04              126 	.byte	4
                         127 	.section	.debug_abbrev
                         128 .Ldw_abbr_begin:
                         129 	.section	.debug_info
0000000b 01              130 	.byte	1
0000000c 00000000*       131 	.word	..bof.D.3A.5CJakaJemec.5CwinIDEA_public.5CRenesas.5CRH850_F1KM_GHS.5CemptyTargetInit.5Csft_hal_ghs...44.3A.5CJakaJemec.5CwinIDEA_public.5CRenesas.5CRH850_F1KM_GHS.5CemptyTargetInit..618992C4..0
00000010 00000000*       132 	.word	..eof.D.3A.5CJakaJemec.5CwinIDEA_public.5CRenesas.5CRH850_F1KM_GHS.5CemptyTargetInit.5Csft_hal_ghs...44.3A.5CJakaJemec.5CwinIDEA_public.5CRenesas.5CRH850_F1KM_GHS.5CemptyTargetInit..618992C4..0
00000014 443a5c4a616b    133 	.strz	"D:\\JakaJemec\\winIDEA_public\\Renesas\\RH850_F1KM_GHS\\emptyTargetInit\\sft_hal_ghs.c"
0000001a 614a656d6563 
00000020 5c77696e4944 
00000026 45415f707562 
0000002c 6c69635c5265 
00000032 6e657361735c 
00000038 52483835305f 
0000003e 46314b4d5f47 
00000044 48535c656d70 
0000004a 747954617267 
00000050 6574496e6974 
00000056 5c7366745f68 
0000005c 616c5f676873 
00000062 2e6300 
00000065 443a5c4a616b    134 	.strz	"D:\\JakaJemec\\winIDEA_public\\Renesas\\RH850_F1KM_GHS\\emptyTargetInit"
0000006b 614a656d6563 
00000071 5c77696e4944 
00000077 45415f707562 
0000007d 6c69635c5265 
00000083 6e657361735c 
00000089 52483835305f 
0000008f 46314b4d5f47 
00000095 48535c656d70 
0000009b 747954617267 
000000a1 6574496e6974 
000000a7 00 
000000a8 474853204320    135 	.strz	"GHS C 2016.5.5 [dual]"
000000ae 323031362e35 
000000b4 2e35205b6475 
000000ba 616c5d00 
000000be 0100            136 	.byte	1,0
000000c0 00000000*       137 	.word	.Ldw_line_begin
000000c4 00000000*       138 	.word	.Ldw_macinfo_begin
000000c8 00              139 	.byte	0
                         140 
                         141 	.section	.debug_abbrev
00000000 01              142 	.byte	1
00000001 11              143 	.byte	17
00000002 01              144 	.byte	1
00000003 1101            145 	.byte	17,1

                                                                      Page 4
                                                              C:\Users\JAKAJ~1.ISY\AppData\Local\Temp\gh_000077c1.si
00000005 1201            146 	.byte	18,1
00000007 0308            147 	.byte	3,8
00000009 1b08            148 	.byte	27,8
0000000b 2508            149 	.byte	37,8
0000000d 1305            150 	.byte	19,5
0000000f 1006            151 	.byte	16,6
00000011 4306            152 	.byte	67,6
00000013 420b            153 	.byte	66,11
00000015 0000            154 	.byte	0,0
                         155 
                         156 	.section	.debug_line
                         157 .Ldw_line_begin:
00000000 9d000000        158 	.word	.Ldw_line_end-.Ldw_line_begin-4
00000004 0200            159 	.byte	2,0
00000006 00000000*       160 	.word	.Ldw_lpro_end-.Ldw_lpro_begin
                         161 .Ldw_lpro_begin:
0000000a 01              162 	.byte	1
0000000b 00              163 	.byte	0
0000000c 00              164 	.byte	0
0000000d 04              165 	.byte	4
0000000e 0a              166 	.byte	10
0000000f 000101          167 	.byte	0,1,1
00000012 010100          168 	.byte	1,1,0
00000015 000001          169 	.byte	0,0,1
00000018 00              170 	.byte	0
00000019 443a5c4a616b    171 	.strz	"D:\\JakaJemec\\winIDEA_public\\Renesas\\RH850_F1KM_GHS\\emptyTargetInit\\sft_hal_ghs.c"
0000001f 614a656d6563 
00000025 5c77696e4944 
0000002b 45415f707562 
00000031 6c69635c5265 
00000037 6e657361735c 
0000003d 52483835305f 
00000043 46314b4d5f47 
00000049 48535c656d70 
0000004f 747954617267 
00000055 6574496e6974 
0000005b 5c7366745f68 
00000061 616c5f676873 
00000067 2e6300 
0000006a 000000          172 	.byte	0,0,0
0000006d 00              173 	.byte	0
                         174 .Ldw_lpro_end:
                         175 	.section	.debug_macinfo
                         176 .Ldw_macinfo_begin:
                         177 	.section	.debug_frame
                         178 .LDW_31d3640:
00000000 00000000*       179 	.word	.LDW_unq_2-.LDW_unq_1
                         180 .LDW_unq_1:
00000004 ffffffff        181 	.byte	255,255,255,255
00000008 01              182 	.byte	1
00000009 00              183 	.byte	0
0000000a 01              184 	.byte	1
0000000b 01              185 	.byte	1
0000000c 1f              186 	.byte	31
0000000d 0c              187 	.byte	12
0000000e 03              188 	.byte	3
0000000f 00              189 	.byte	0
00000010 07              190 	.byte	7
00000011 00              191 	.byte	0
00000012 07              192 	.byte	7
00000013 01              193 	.byte	1

                                                                      Page 5
                                                              C:\Users\JAKAJ~1.ISY\AppData\Local\Temp\gh_000077c1.si
00000014 07              194 	.byte	7
00000015 02              195 	.byte	2
00000016 07              196 	.byte	7
00000017 03              197 	.byte	3
00000018 07              198 	.byte	7
00000019 04              199 	.byte	4
0000001a 07              200 	.byte	7
0000001b 05              201 	.byte	5
0000001c 07              202 	.byte	7
0000001d 06              203 	.byte	6
0000001e 07              204 	.byte	7
0000001f 07              205 	.byte	7
00000020 07              206 	.byte	7
00000021 08              207 	.byte	8
00000022 07              208 	.byte	7
00000023 09              209 	.byte	9
00000024 07              210 	.byte	7
00000025 0a              211 	.byte	10
00000026 07              212 	.byte	7
00000027 0b              213 	.byte	11
00000028 07              214 	.byte	7
00000029 0c              215 	.byte	12
0000002a 07              216 	.byte	7
0000002b 0d              217 	.byte	13
0000002c 07              218 	.byte	7
0000002d 0e              219 	.byte	14
0000002e 07              220 	.byte	7
0000002f 0f              221 	.byte	15
00000030 07              222 	.byte	7
00000031 10              223 	.byte	16
00000032 07              224 	.byte	7
00000033 11              225 	.byte	17
00000034 07              226 	.byte	7
00000035 12              227 	.byte	18
00000036 07              228 	.byte	7
00000037 13              229 	.byte	19
00000038 08              230 	.byte	8
00000039 14              231 	.byte	20
0000003a 08              232 	.byte	8
0000003b 15              233 	.byte	21
0000003c 08              234 	.byte	8
0000003d 16              235 	.byte	22
0000003e 08              236 	.byte	8
0000003f 17              237 	.byte	23
00000040 08              238 	.byte	8
00000041 18              239 	.byte	24
00000042 08              240 	.byte	8
00000043 19              241 	.byte	25
00000044 08              242 	.byte	8
00000045 1a              243 	.byte	26
00000046 08              244 	.byte	8
00000047 1b              245 	.byte	27
00000048 08              246 	.byte	8
00000049 1c              247 	.byte	28
0000004a 08              248 	.byte	8
0000004b 1d              249 	.byte	29
0000004c 07              250 	.byte	7
0000004d 1e              251 	.byte	30
0000004e 08              252 	.byte	8
0000004f 1f              253 	.byte	31
00000050 07              254 	.byte	7

                                                                      Page 6
                                                              C:\Users\JAKAJ~1.ISY\AppData\Local\Temp\gh_000077c1.si
00000051 20              255 	.byte	32
00000052 07              256 	.byte	7
00000053 21              257 	.byte	33
00000054 07              258 	.byte	7
00000055 22              259 	.byte	34
00000056 07              260 	.byte	7
00000057 23              261 	.byte	35
00000058 07              262 	.byte	7
00000059 24              263 	.byte	36
0000005a 07              264 	.byte	7
0000005b 25              265 	.byte	37
0000005c 07              266 	.byte	7
0000005d 26              267 	.byte	38
0000005e 07              268 	.byte	7
0000005f 27              269 	.byte	39
00000060 07              270 	.byte	7
00000061 28              271 	.byte	40
00000062 07              272 	.byte	7
00000063 29              273 	.byte	41
00000064 07              274 	.byte	7
00000065 2a              275 	.byte	42
00000066 07              276 	.byte	7
00000067 2b              277 	.byte	43
00000068 07              278 	.byte	7
00000069 2c              279 	.byte	44
0000006a 07              280 	.byte	7
0000006b 2d              281 	.byte	45
0000006c 07              282 	.byte	7
0000006d 2e              283 	.byte	46
0000006e 07              284 	.byte	7
0000006f 2f              285 	.byte	47
00000070 07              286 	.byte	7
00000071 30              287 	.byte	48
00000072 07              288 	.byte	7
00000073 31              289 	.byte	49
00000074 07              290 	.byte	7
00000075 32              291 	.byte	50
00000076 07              292 	.byte	7
00000077 33              293 	.byte	51
00000078 07              294 	.byte	7
00000079 34              295 	.byte	52
0000007a 07              296 	.byte	7
0000007b 35              297 	.byte	53
0000007c 07              298 	.byte	7
0000007d 36              299 	.byte	54
0000007e 07              300 	.byte	7
0000007f 37              301 	.byte	55
00000080 07              302 	.byte	7
00000081 38              303 	.byte	56
00000082 07              304 	.byte	7
00000083 39              305 	.byte	57
00000084 07              306 	.byte	7
00000085 3a              307 	.byte	58
00000086 07              308 	.byte	7
00000087 3b              309 	.byte	59
00000088 07              310 	.byte	7
00000089 3c              311 	.byte	60
0000008a 07              312 	.byte	7
0000008b 3d              313 	.byte	61
0000008c 07              314 	.byte	7
0000008d 3e              315 	.byte	62

                                                                      Page 7
                                                              C:\Users\JAKAJ~1.ISY\AppData\Local\Temp\gh_000077c1.si
0000008e 07              316 	.byte	7
0000008f 3f              317 	.byte	63
                         318 .LDW_unq_2:
                         319 	.section	.debug_info
                         320 .LDW_3195b48:
000000c9 27              321 	.byte	39
000000ca 696e7400        322 	.strz	"int"
000000ce 05              323 	.byte	5
000000cf 04              324 	.byte	4
                         325 
                         326 	.section	.debug_abbrev
00000017 27              327 	.byte	39
00000018 24              328 	.byte	36
00000019 00              329 	.byte	0
0000001a 0308            330 	.byte	3,8
0000001c 3e0b            331 	.byte	62,11
0000001e 0b0b            332 	.byte	11,11
00000020 0000            333 	.byte	0,0
                         334 
                         335 	.section	.debug_info
                         336 .LDW_3195e20:
000000d0 47              337 	.byte	71
000000d1 01              338 	.byte	1
                         339 
                         340 	.section	.debug_abbrev
00000022 47              341 	.byte	71
00000023 15              342 	.byte	21
00000024 01              343 	.byte	1
00000025 270c            344 	.byte	39,12
00000027 0000            345 	.byte	0,0
                         346 
                         347 	.section	.debug_info
                         348 .LDW_31d99b0:
000000d2 14              349 	.byte	20
000000d3 00000000*       350 	.word	.LDW_3195b48
000000d7 00              351 	.byte	0
                         352 
                         353 	.section	.debug_abbrev
00000029 14              354 	.byte	20
0000002a 05              355 	.byte	5
0000002b 00              356 	.byte	0
0000002c 4910            357 	.byte	73,16
0000002e 4b0c            358 	.byte	75,12
00000030 0000            359 	.byte	0,0
                         360 
                         361 	.section	.debug_info
000000d8 00              362 	.byte	0
                         363 
                         364 .LDW_57a4d28:
000000d9 15              365 	.byte	21
000000da 697379737465    366 	.strz	"isystem_sft_dbpush_r28"
000000e0 6d5f7366745f 
000000e6 646270757368 
000000ec 5f72323800 
000000f1 01              367 	.byte	1
000000f2 06              368 	.byte	6
000000f3 01              369 	.byte	1
000000f4 00000000*       370 	.word	_isystem_sft_dbpush_r28
000000f8 00000000*       371 	.word	___ghs_eofn_isystem_sft_dbpush_r28
000000fc 0153            372 	.byte	1,83
000000fe 8280808001      373 	.byte	130,128,128,128,1

                                                                      Page 8
                                                              C:\Users\JAKAJ~1.ISY\AppData\Local\Temp\gh_000077c1.si
00000103 04              374 	.byte	4
00000104 828004          375 	.byte	130,128,4
00000107 04              376 	.byte	4
00000108 00              377 	.byte	0
00000109 00              378 	.byte	0
0000010a 00              379 	.byte	0
0000010b 01              380 	.byte	1
0000010c 01              381 	.byte	1
0000010d 00              382 	.byte	0
0000010e 01              383 	.byte	1
                         384 
                         385 	.section	.debug_abbrev
00000032 15              386 	.byte	21
00000033 2e              387 	.byte	46
00000034 01              388 	.byte	1
00000035 0308            389 	.byte	3,8
00000037 3b0f            390 	.byte	59,15
00000039 390f            391 	.byte	57,15
0000003b 3a0f            392 	.byte	58,15
0000003d 1101            393 	.byte	17,1
0000003f 1201            394 	.byte	18,1
00000041 400a            395 	.byte	64,10
00000043 8341            396 	.byte	131,65
00000045 0f              397 	.byte	15
00000046 8741            398 	.byte	135,65
00000048 0d              399 	.byte	13
00000049 8541            400 	.byte	133,65
0000004b 0f              401 	.byte	15
0000004c 8641            402 	.byte	134,65
0000004e 0d              403 	.byte	13
0000004f 9241            404 	.byte	146,65
00000051 0f              405 	.byte	15
00000052 3c0c            406 	.byte	60,12
00000054 200b            407 	.byte	32,11
00000056 3f0c            408 	.byte	63,12
00000058 320b            409 	.byte	50,11
0000005a 4c0b            410 	.byte	76,11
0000005c 270c            411 	.byte	39,12
0000005e 0000            412 	.byte	0,0
                         413 
                         414 	.section	.debug_frame
                         415 .LDW_57d98e8:
00000090 00000000*       416 	.word	.LDW_unq_4-.LDW_unq_3
                         417 .LDW_unq_3:
00000094 00000000*       418 	.word	.LDW_31d3640
00000098 00000000*       419 	.word	_isystem_sft_dbpush_r28
0000009c 00000000*       420 	.word	___ghs_eofn_isystem_sft_dbpush_r28-_isystem_sft_dbpush_r28
000000a0 46              421 	.byte	70
000000a1 9c              422 	.byte	156
000000a2 00              423 	.byte	0
000000a3 01              424 	.byte	1
000000a4 00000000*       425 	.word	.LDW11
000000a8 44              426 	.byte	68
000000a9 dc              427 	.byte	220
000000aa 00              428 	.byte	0
000000ab 00              429 	.byte	0
                         430 .LDW_unq_4:
                         431 	.section	.debug_line
0000006e 000502          432 	.byte	0,5,2
00000071 00000000*       433 	.word	_isystem_sft_dbpush_r28
00000075 06              434 	.byte	6

                                                                      Page 9
                                                              C:\Users\JAKAJ~1.ISY\AppData\Local\Temp\gh_000077c1.si
00000076 0b              435 	.byte	11
00000077 2b              436 	.byte	43
00000078 000502          437 	.byte	0,5,2
0000007b 00000000*       438 	.word	.LDWlin1
0000007f 0b              439 	.byte	11
00000080 000502          440 	.byte	0,5,2
00000083 00000000*       441 	.word	.LDWlin2
00000087 03              442 	.byte	3
00000088 05              443 	.byte	5
00000089 02              444 	.byte	2
0000008a 00              445 	.byte	0
0000008b 01              446 	.byte	1
0000008c 000502          447 	.byte	0,5,2
0000008f 00000000*       448 	.word	.LDWlin3
00000093 0b              449 	.byte	11
00000094 000502          450 	.byte	0,5,2
00000097 00000000*       451 	.word	.LDWlin4
0000009b 0b              452 	.byte	11
0000009c 02              453 	.byte	2
0000009d 08              454 	.byte	8
0000009e 000101          455 	.byte	0,1,1
                         456 	.section	.debug_info
                         457 .LDW_57a4dc0:
0000010f 11              458 	.byte	17
00000110 76616c756500    459 	.strz	"value"
00000116 01              460 	.byte	1
00000117 21              461 	.byte	33
00000118 01              462 	.byte	1
00000119 00000000*       463 	.word	.LDW_3195b48
0000011d 00              464 	.byte	0
0000011e 0151            465 	.byte	1,81
                         466 
                         467 	.section	.debug_abbrev
00000060 11              468 	.byte	17
00000061 05              469 	.byte	5
00000062 00              470 	.byte	0
00000063 0308            471 	.byte	3,8
00000065 3b0f            472 	.byte	59,15
00000067 390f            473 	.byte	57,15
00000069 3a0f            474 	.byte	58,15
0000006b 4910            475 	.byte	73,16
0000006d 4b0c            476 	.byte	75,12
0000006f 020a            477 	.byte	2,10
00000071 0000            478 	.byte	0,0
                         479 
                         480 	.section	.debug_info
                         481 .LDW_31d9e60:
00000120 1f              482 	.byte	31
00000121 00000000*       483 	.word	.LDW01
00000125 00000000*       484 	.word	.LDW11
                         485 
                         486 	.section	.debug_abbrev
00000073 1f              487 	.byte	31
00000074 0b              488 	.byte	11
00000075 01              489 	.byte	1
00000076 1101            490 	.byte	17,1
00000078 1201            491 	.byte	18,1
0000007a 0000            492 	.byte	0,0
                         493 
                         494 	.section	.debug_info
00000129 00              495 	.byte	0

                                                                      Page 10
                                                              C:\Users\JAKAJ~1.ISY\AppData\Local\Temp\gh_000077c1.si
                         496 
0000012a 00              497 	.byte	0
                         498 
0000012b 00              499 	.byte	0
                         500 
                         501 	.section	.debug_line
                         502 .Ldw_line_end:
                         503 	.section	.debug_macinfo
00000000 01              504 	.byte	1
00000001 00              505 	.byte	0
00000002 5f5f44415445    506 	.strz	"__DATE__ \"Nov  8 2021\""
00000008 5f5f20224e6f 
0000000e 762020382032 
00000014 3032312200 
00000019 01              507 	.byte	1
0000001a 00              508 	.byte	0
0000001b 5f5f54494d45    509 	.strz	"__TIME__ \"22:12:35\""
00000021 5f5f20223232 
00000027 3a31323a3335 
0000002d 2200 
0000002f 01              510 	.byte	1
00000030 00              511 	.byte	0
00000031 5f5f4748535f    512 	.strz	"__GHS_REVISION_DATE \"Oct 21 2016\""
00000037 524556495349 
0000003d 4f4e5f444154 
00000043 4520224f6374 
00000049 203231203230 
0000004f 31362200 
00000053 01              513 	.byte	1
00000054 00              514 	.byte	0
00000055 5f5f4748535f    515 	.strz	"__GHS_REVISION_VALUE 1477024600"
0000005b 524556495349 
00000061 4f4e5f56414c 
00000067 554520313437 
0000006d 373032343630 
00000073 3000 
00000075 01              516 	.byte	1
00000076 00              517 	.byte	0
00000077 5f5f4748535f    518 	.strz	"__GHS_VERSION_NUMBER 201655"
0000007d 56455253494f 
00000083 4e5f4e554d42 
00000089 455220323031 
0000008f 36353500 
00000093 01              519 	.byte	1
00000094 00              520 	.byte	0
00000095 5f5f53544443    521 	.strz	"__STDC__ 1"
0000009b 5f5f203100 
000000a0 01              522 	.byte	1
000000a1 00              523 	.byte	0
000000a2 5f5f53544443    524 	.strz	"__STDC_HOSTED__ 1"
000000a8 5f484f535445 
000000ae 445f5f203100 
000000b4 01              525 	.byte	1
000000b5 00              526 	.byte	0
000000b6 5f5f53544443    527 	.strz	"__STDC_NO_ATOMICS__ 1"
000000bc 5f4e4f5f4154 
000000c2 4f4d4943535f 
000000c8 5f203100 
000000cc 01              528 	.byte	1
000000cd 00              529 	.byte	0
000000ce 5f5f4544475f    530 	.strz	"__EDG_VERSION__ 409"

                                                                      Page 11
                                                              C:\Users\JAKAJ~1.ISY\AppData\Local\Temp\gh_000077c1.si
000000d4 56455253494f 
000000da 4e5f5f203430 
000000e0 3900 
000000e2 01              531 	.byte	1
000000e3 00              532 	.byte	0
000000e4 5f5f4544475f    533 	.strz	"__EDG_SIZE_TYPE__ unsigned int"
000000ea 53495a455f54 
000000f0 5950455f5f20 
000000f6 756e7369676e 
000000fc 656420696e74 
00000102 00 
00000103 01              534 	.byte	1
00000104 00              535 	.byte	0
00000105 5f5f4544475f    536 	.strz	"__EDG_PTRDIFF_TYPE__ int"
0000010b 505452444946 
00000111 465f54595045 
00000117 5f5f20696e74 
0000011d 00 
0000011e 01              537 	.byte	1
0000011f 00              538 	.byte	0
00000120 5f5f474e555f    539 	.strz	"__GNU_ASM_SUPPORT__ 1"
00000126 41534d5f5355 
0000012c 50504f52545f 
00000132 5f203100 
00000136 01              540 	.byte	1
00000137 00              541 	.byte	0
00000138 5f426f6f6c5f    542 	.strz	"_Bool_DEFINED 1"
0000013e 444546494e45 
00000144 44203100 
00000148 01              543 	.byte	1
00000149 00              544 	.byte	0
0000014a 5f5f4c494e45    545 	.strz	"__LINE__"
00000150 5f5f00 
00000153 01              546 	.byte	1
00000154 00              547 	.byte	0
00000155 5f5f46494c45    548 	.strz	"__FILE__"
0000015b 5f5f00 
0000015e 01              549 	.byte	1
0000015f 00              550 	.byte	0
00000160 646566696e65    551 	.strz	"defined"
00000166 6400 
00000168 01              552 	.byte	1
00000169 00              553 	.byte	0
0000016a 5f5f42415345    554 	.strz	"__BASE_FILE__"
00000170 5f46494c455f 
00000176 5f00 
00000178 01              555 	.byte	1
00000179 00              556 	.byte	0
0000017a 5f507261676d    557 	.strz	"_Pragma"
00000180 6100 
00000182 01              558 	.byte	1
00000183 00              559 	.byte	0
00000184 5f5f434f554e    560 	.strz	"__COUNTER__"
0000018a 5445525f5f00 
00000190 01              561 	.byte	1
00000191 00              562 	.byte	0
00000192 5f5f54494d45    563 	.strz	"__TIMESTAMP__"
00000198 5354414d505f 
0000019e 5f00 
000001a0 01              564 	.byte	1
000001a1 00              565 	.byte	0

                                                                      Page 12
                                                              C:\Users\JAKAJ~1.ISY\AppData\Local\Temp\gh_000077c1.si
000001a2 5f5f42415345    566 	.strz	"__BASE__"
000001a8 5f5f00 
000001ab 01              567 	.byte	1
000001ac 00              568 	.byte	0
000001ad 5f5f46554c4c    569 	.strz	"__FULL_FILE__"
000001b3 5f46494c455f 
000001b9 5f00 
000001bb 01              570 	.byte	1
000001bc 00              571 	.byte	0
000001bd 5f5f46554c4c    572 	.strz	"__FULL_DIR__"
000001c3 5f4449525f5f 
000001c9 00 
000001ca 01              573 	.byte	1
000001cb 00              574 	.byte	0
000001cc 5f5f41534d53    575 	.strz	"__ASMSYM_INTERNAL"
000001d2 594d5f494e54 
000001d8 45524e414c00 
000001de 01              576 	.byte	1
000001df 00              577 	.byte	0
000001e0 5f5f67687320    578 	.strz	"__ghs 1"
000001e6 3100 
000001e8 01              579 	.byte	1
000001e9 00              580 	.byte	0
000001ea 5f5f6768735f    581 	.strz	"__ghs__ 1"
000001f0 5f203100 
000001f4 01              582 	.byte	1
000001f5 00              583 	.byte	0
000001f6 5f5f50524f54    584 	.strz	"__PROTOTYPES__ 1"
000001fc 4f5459504553 
00000202 5f5f203100 
00000207 01              585 	.byte	1
00000208 00              586 	.byte	0
00000209 5f5f53544443    587 	.strz	"__STDC__ 1"
0000020f 5f5f203100 
00000214 01              588 	.byte	1
00000215 00              589 	.byte	0
00000216 5f5f53544443    590 	.strz	"__STDC_HOSTED__ 1"
0000021c 5f484f535445 
00000222 445f5f203100 
00000228 01              591 	.byte	1
00000229 00              592 	.byte	0
0000022a 5f5f53544443    593 	.strz	"__STDC_VERSION__ 199901L"
00000230 5f5645525349 
00000236 4f4e5f5f2031 
0000023c 39393930314c 
00000242 00 
00000243 01              594 	.byte	1
00000244 00              595 	.byte	0
00000245 5f5f41545452    596 	.strz	"__ATTRIBUTES 1"
0000024b 494255544553 
00000251 203100 
00000254 01              597 	.byte	1
00000255 00              598 	.byte	0
00000256 5f5f4544475f    599 	.strz	"__EDG__ 1"
0000025c 5f203100 
00000260 01              600 	.byte	1
00000261 00              601 	.byte	0
00000262 5f5f536f6674    602 	.strz	"__SoftwareFloat 1"
00000268 77617265466c 
0000026e 6f6174203100 
00000274 01              603 	.byte	1

                                                                      Page 13
                                                              C:\Users\JAKAJ~1.ISY\AppData\Local\Temp\gh_000077c1.si
00000275 00              604 	.byte	0
00000276 5f5f536f6674    605 	.strz	"__SoftwareFloat__ 1"
0000027c 77617265466c 
00000282 6f61745f5f20 
00000288 3100 
0000028a 01              606 	.byte	1
0000028b 00              607 	.byte	0
0000028c 5f5f536f6674    608 	.strz	"__SoftwareDouble 1"
00000292 77617265446f 
00000298 75626c652031 
0000029e 00 
0000029f 01              609 	.byte	1
000002a0 00              610 	.byte	0
000002a1 5f5f536f6674    611 	.strz	"__SoftwareDouble__ 1"
000002a7 77617265446f 
000002ad 75626c655f5f 
000002b3 203100 
000002b6 01              612 	.byte	1
000002b7 00              613 	.byte	0
000002b8 5f5f6768735f    614 	.strz	"__ghs_asm 2"
000002be 61736d203200 
000002c4 01              615 	.byte	1
000002c5 00              616 	.byte	0
000002c6 5f5f454c4620    617 	.strz	"__ELF 1"
000002cc 3100 
000002ce 01              618 	.byte	1
000002cf 00              619 	.byte	0
000002d0 5f5f454c465f    620 	.strz	"__ELF__ 1"
000002d6 5f203100 
000002da 01              621 	.byte	1
000002db 00              622 	.byte	0
000002dc 5f5f434f5245    623 	.strz	"__CORE_V850E3V5__ 1"
000002e2 5f5638353045 
000002e8 3356355f5f20 
000002ee 3100 
000002f0 01              624 	.byte	1
000002f1 00              625 	.byte	0
000002f2 5f5f434f5245    626 	.strz	"__CORE_V850E2V3__ 1"
000002f8 5f5638353045 
000002fe 3256335f5f20 
00000304 3100 
00000306 01              627 	.byte	1
00000307 00              628 	.byte	0
00000308 5f5f434f5245    629 	.strz	"__CORE_V850E2R__ 1"
0000030e 5f5638353045 
00000314 32525f5f2031 
0000031a 00 
0000031b 01              630 	.byte	1
0000031c 00              631 	.byte	0
0000031d 5f5f434f5245    632 	.strz	"__CORE_V850E2__ 1"
00000323 5f5638353045 
00000329 325f5f203100 
0000032f 01              633 	.byte	1
00000330 00              634 	.byte	0
00000331 5f5f434f5245    635 	.strz	"__CORE_V850E__ 1"
00000337 5f5638353045 
0000033d 5f5f203100 
00000342 01              636 	.byte	1
00000343 00              637 	.byte	0
00000344 5f5f434f5245    638 	.strz	"__CORE_V850__ 1"
0000034a 5f563835305f 

                                                                      Page 14
                                                              C:\Users\JAKAJ~1.ISY\AppData\Local\Temp\gh_000077c1.si
00000350 5f203100 
00000354 01              639 	.byte	1
00000355 00              640 	.byte	0
00000356 5f5f56383530    641 	.strz	"__V850E 1"
0000035c 45203100 
00000360 01              642 	.byte	1
00000361 00              643 	.byte	0
00000362 5f5f56383530    644 	.strz	"__V850E__ 1"
00000368 455f5f203100 
0000036e 01              645 	.byte	1
0000036f 00              646 	.byte	0
00000370 5f5f56383530    647 	.strz	"__V850E2 1"
00000376 4532203100 
0000037b 01              648 	.byte	1
0000037c 00              649 	.byte	0
0000037d 5f5f56383530    650 	.strz	"__V850E2__ 1"
00000383 45325f5f2031 
00000389 00 
0000038a 01              651 	.byte	1
0000038b 00              652 	.byte	0
0000038c 5f5f56383530    653 	.strz	"__V850E2R 1"
00000392 453252203100 
00000398 01              654 	.byte	1
00000399 00              655 	.byte	0
0000039a 5f5f56383530    656 	.strz	"__V850E2R__ 1"
000003a0 4532525f5f20 
000003a6 3100 
000003a8 01              657 	.byte	1
000003a9 00              658 	.byte	0
000003aa 5f5f56383530    659 	.strz	"__V850E2RV3 1"
000003b0 453252563320 
000003b6 3100 
000003b8 01              660 	.byte	1
000003b9 00              661 	.byte	0
000003ba 5f5f56383530    662 	.strz	"__V850E2RV3__ 1"
000003c0 45325256335f 
000003c6 5f203100 
000003ca 01              663 	.byte	1
000003cb 00              664 	.byte	0
000003cc 5f5f56383530    665 	.strz	"__V850E2V3 1"
000003d2 453256332031 
000003d8 00 
000003d9 01              666 	.byte	1
000003da 00              667 	.byte	0
000003db 5f5f56383530    668 	.strz	"__V850E2V3__ 1"
000003e1 453256335f5f 
000003e7 203100 
000003ea 01              669 	.byte	1
000003eb 00              670 	.byte	0
000003ec 5f5f56383530    671 	.strz	"__V850E3 1"
000003f2 4533203100 
000003f7 01              672 	.byte	1
000003f8 00              673 	.byte	0
000003f9 5f5f56383530    674 	.strz	"__V850E3__ 1"
000003ff 45335f5f2031 
00000405 00 
00000406 01              675 	.byte	1
00000407 00              676 	.byte	0
00000408 5f5f56383530    677 	.strz	"__V850E3V5 1"
0000040e 453356352031 
00000414 00 

                                                                      Page 15
                                                              C:\Users\JAKAJ~1.ISY\AppData\Local\Temp\gh_000077c1.si
00000415 01              678 	.byte	1
00000416 00              679 	.byte	0
00000417 5f5f56383530    680 	.strz	"__V850E3V5__ 1"
0000041d 453356355f5f 
00000423 203100 
00000426 01              681 	.byte	1
00000427 00              682 	.byte	0
00000428 5f5f52483835    683 	.strz	"__RH850 1"
0000042e 30203100 
00000432 01              684 	.byte	1
00000433 00              685 	.byte	0
00000434 5f5f52483835    686 	.strz	"__RH850__ 1"
0000043a 305f5f203100 
00000440 01              687 	.byte	1
00000441 00              688 	.byte	0
00000442 5f5f56383530    689 	.strz	"__V850 1"
00000448 203100 
0000044b 01              690 	.byte	1
0000044c 00              691 	.byte	0
0000044d 5f5f56383530    692 	.strz	"__V850__ 1"
00000453 5f5f203100 
00000458 01              693 	.byte	1
00000459 00              694 	.byte	0
0000045a 5f5f52483835    695 	.strz	"__RH850G3K__ 1"
00000460 3047334b5f5f 
00000466 203100 
00000469 01              696 	.byte	1
0000046a 00              697 	.byte	0
0000046b 5f5f52483835    698 	.strz	"__RH850G3K 1"
00000471 3047334b2031 
00000477 00 
00000478 01              699 	.byte	1
00000479 00              700 	.byte	0
0000047a 5f5f56383030    701 	.strz	"__V800_reserve_r2 1"
00000480 5f7265736572 
00000486 76655f723220 
0000048c 3100 
0000048e 01              702 	.byte	1
0000048f 00              703 	.byte	0
00000490 5f5f56383030    704 	.strz	"__V800_reserve_r2__ 1"
00000496 5f7265736572 
0000049c 76655f72325f 
000004a2 5f203100 
000004a6 01              705 	.byte	1
000004a7 00              706 	.byte	0
000004a8 5f5f56383030    707 	.strz	"__V800_no_rosda 1"
000004ae 5f6e6f5f726f 
000004b4 736461203100 
000004ba 01              708 	.byte	1
000004bb 00              709 	.byte	0
000004bc 5f5f56383030    710 	.strz	"__V800_no_rosda__ 1"
000004c2 5f6e6f5f726f 
000004c8 7364615f5f20 
000004ce 3100 
000004d0 01              711 	.byte	1
000004d1 00              712 	.byte	0
000004d2 5f5f56383030    713 	.strz	"__V800_reserve_r5 1"
000004d8 5f7265736572 
000004de 76655f723520 
000004e4 3100 
000004e6 01              714 	.byte	1

                                                                      Page 16
                                                              C:\Users\JAKAJ~1.ISY\AppData\Local\Temp\gh_000077c1.si
000004e7 00              715 	.byte	0
000004e8 5f5f56383030    716 	.strz	"__V800_reserve_r5__ 1"
000004ee 5f7265736572 
000004f4 76655f72355f 
000004fa 5f203100 
000004fe 01              717 	.byte	1
000004ff 00              718 	.byte	0
00000500 5f5f56383030    719 	.strz	"__V800_registermode 22"
00000506 5f7265676973 
0000050c 7465726d6f64 
00000512 6520323200 
00000517 01              720 	.byte	1
00000518 00              721 	.byte	0
00000519 5f5f56383030    722 	.strz	"__V800_registermode__ 22"
0000051f 5f7265676973 
00000525 7465726d6f64 
0000052b 655f5f203232 
00000531 00 
00000532 01              723 	.byte	1
00000533 00              724 	.byte	0
00000534 5f5f56383030    725 	.strz	"__V800_no_callt 1"
0000053a 5f6e6f5f6361 
00000540 6c6c74203100 
00000546 01              726 	.byte	1
00000547 00              727 	.byte	0
00000548 5f5f56383030    728 	.strz	"__V800_no_callt__ 1"
0000054e 5f6e6f5f6361 
00000554 6c6c745f5f20 
0000055a 3100 
0000055c 01              729 	.byte	1
0000055d 00              730 	.byte	0
0000055e 5f5f56383030    731 	.strz	"__V800 1"
00000564 203100 
00000567 01              732 	.byte	1
00000568 00              733 	.byte	0
00000569 5f5f56383030    734 	.strz	"__V800__ 1"
0000056f 5f5f203100 
00000574 01              735 	.byte	1
00000575 00              736 	.byte	0
00000576 5f5f76383530    737 	.strz	"__v850 1"
0000057c 203100 
0000057f 01              738 	.byte	1
00000580 00              739 	.byte	0
00000581 5f5f76383531    740 	.strz	"__v851__ 1"
00000587 5f5f203100 
0000058c 01              741 	.byte	1
0000058d 00              742 	.byte	0
0000058e 5f5f76383530    743 	.strz	"__v850e__ 1"
00000594 655f5f203100 
0000059a 01              744 	.byte	1
0000059b 00              745 	.byte	0
0000059c 5f5f52483835    746 	.strz	"__RH850_ABI_GHS2015__ 1"
000005a2 305f4142495f 
000005a8 474853323031 
000005ae 355f5f203100 
000005b4 01              747 	.byte	1
000005b5 00              748 	.byte	0
000005b6 5f5f6768735f    749 	.strz	"__ghs_alignment 8"
000005bc 616c69676e6d 
000005c2 656e74203800 
000005c8 01              750 	.byte	1

                                                                      Page 17
                                                              C:\Users\JAKAJ~1.ISY\AppData\Local\Temp\gh_000077c1.si
000005c9 00              751 	.byte	0
000005ca 5f5f6768735f    752 	.strz	"__ghs_max_pack_value 8"
000005d0 6d61785f7061 
000005d6 636b5f76616c 
000005dc 7565203800 
000005e1 01              753 	.byte	1
000005e2 00              754 	.byte	0
000005e3 5f5f6768735f    755 	.strz	"__ghs_sda_threshold 32767"
000005e9 7364615f7468 
000005ef 726573686f6c 
000005f5 642033323736 
000005fb 3700 
000005fd 01              756 	.byte	1
000005fe 00              757 	.byte	0
000005ff 5f5f6768735f    758 	.strz	"__ghs_sda 1"
00000605 736461203100 
0000060b 01              759 	.byte	1
0000060c 00              760 	.byte	0
0000060d 5f5f6768735f    761 	.strz	"__ghs_zda 1"
00000613 7a6461203100 
00000619 01              762 	.byte	1
0000061a 00              763 	.byte	0
0000061b 5f5f4c697474    764 	.strz	"__LittleEndian 1"
00000621 6c65456e6469 
00000627 616e203100 
0000062c 01              765 	.byte	1
0000062d 00              766 	.byte	0
0000062e 5f5f4c697474    767 	.strz	"__LittleEndian__ 1"
00000634 6c65456e6469 
0000063a 616e5f5f2031 
00000640 00 
00000641 01              768 	.byte	1
00000642 00              769 	.byte	0
00000643 5f5f4c495454    770 	.strz	"__LITTLE_ENDIAN__ 1"
00000649 4c455f454e44 
0000064f 49414e5f5f20 
00000655 3100 
00000657 01              771 	.byte	1
00000658 00              772 	.byte	0
00000659 5f5f49656565    773 	.strz	"__IeeeFloat 1"
0000065f 466c6f617420 
00000665 3100 
00000667 01              774 	.byte	1
00000668 00              775 	.byte	0
00000669 5f5f49656565    776 	.strz	"__IeeeFloat__ 1"
0000066f 466c6f61745f 
00000675 5f203100 
00000679 01              777 	.byte	1
0000067a 00              778 	.byte	0
0000067b 5f5f43686172    779 	.strz	"__Char_Is_Signed__ 1"
00000681 5f49735f5369 
00000687 676e65645f5f 
0000068d 203100 
00000690 01              780 	.byte	1
00000691 00              781 	.byte	0
00000692 5f5f5349474e    782 	.strz	"__SIGNED_CHARS__ 1"
00000698 45445f434841 
0000069e 52535f5f2031 
000006a4 00 
000006a5 01              783 	.byte	1
000006a6 00              784 	.byte	0

                                                                      Page 18
                                                              C:\Users\JAKAJ~1.ISY\AppData\Local\Temp\gh_000077c1.si
000006a7 5f5f5074725f    785 	.strz	"__Ptr_Is_Unsigned__ 1"
000006ad 49735f556e73 
000006b3 69676e65645f 
000006b9 5f203100 
000006bd 01              786 	.byte	1
000006be 00              787 	.byte	0
000006bf 5f5f4669656c    788 	.strz	"__Field_Is_Signed__ 1"
000006c5 645f49735f53 
000006cb 69676e65645f 
000006d1 5f203100 
000006d5 01              789 	.byte	1
000006d6 00              790 	.byte	0
000006d7 5f5f456e756d    791 	.strz	"__Enum_Field_Is_Signed__ 1"
000006dd 5f4669656c64 
000006e3 5f49735f5369 
000006e9 676e65645f5f 
000006ef 203100 
000006f2 01              792 	.byte	1
000006f3 00              793 	.byte	0
000006f4 5f5f496e745f    794 	.strz	"__Int_Is_32 1"
000006fa 49735f333220 
00000700 3100 
00000702 01              795 	.byte	1
00000703 00              796 	.byte	0
00000704 5f5f4c6f6e67    797 	.strz	"__Long_Is_32 1"
0000070a 5f49735f3332 
00000710 203100 
00000713 01              798 	.byte	1
00000714 00              799 	.byte	0
00000715 5f5f4c4c5f49    800 	.strz	"__LL_Is_64 1"
0000071b 735f36342031 
00000721 00 
00000722 01              801 	.byte	1
00000723 00              802 	.byte	0
00000724 5f5f5074725f    803 	.strz	"__Ptr_Is_32 1"
0000072a 49735f333220 
00000730 3100 
00000732 01              804 	.byte	1
00000733 00              805 	.byte	0
00000734 5f5f43484152    806 	.strz	"__CHAR_BIT 8"
0000073a 5f4249542038 
00000740 00 
00000741 01              807 	.byte	1
00000742 00              808 	.byte	0
00000743 5f5f53485254    809 	.strz	"__SHRT_BIT 16"
00000749 5f4249542031 
0000074f 3600 
00000751 01              810 	.byte	1
00000752 00              811 	.byte	0
00000753 5f5f494e545f    812 	.strz	"__INT_BIT 32"
00000759 424954203332 
0000075f 00 
00000760 01              813 	.byte	1
00000761 00              814 	.byte	0
00000762 5f5f4c4f4e47    815 	.strz	"__LONG_BIT 32"
00000768 5f4249542033 
0000076e 3200 
00000770 01              816 	.byte	1
00000771 00              817 	.byte	0
00000772 5f5f57434841    818 	.strz	"__WCHAR_BIT 32"
00000778 525f42495420 

                                                                      Page 19
                                                              C:\Users\JAKAJ~1.ISY\AppData\Local\Temp\gh_000077c1.si
0000077e 333200 
00000781 01              819 	.byte	1
00000782 00              820 	.byte	0
00000783 5f5f5054525f    821 	.strz	"__PTR_BIT 32"
00000789 424954203332 
0000078f 00 
00000790 01              822 	.byte	1
00000791 00              823 	.byte	0
00000792 5f5f46554e43    824 	.strz	"__FUNCPTR_BIT 32"
00000798 5054525f4249 
0000079e 5420333200 
000007a3 01              825 	.byte	1
000007a4 00              826 	.byte	0
000007a5 5f5f54494d45    827 	.strz	"__TIME_T_BIT 32"
000007ab 5f545f424954 
000007b1 20333200 
000007b5 01              828 	.byte	1
000007b6 00              829 	.byte	0
000007b7 5f5f4c4c5f42    830 	.strz	"__LL_BIT 64"
000007bd 495420363400 
000007c3 01              831 	.byte	1
000007c4 00              832 	.byte	0
000007c5 5f5f4c4c4f4e    833 	.strz	"__LLONG_BIT 64"
000007cb 475f42495420 
000007d1 363400 
000007d4 01              834 	.byte	1
000007d5 00              835 	.byte	0
000007d6 5f5f4d41585f    836 	.strz	"__MAX_BIT 64"
000007dc 424954203634 
000007e2 00 
000007e3 01              837 	.byte	1
000007e4 00              838 	.byte	0
000007e5 5f5f4c44424c    839 	.strz	"__LDBL_BIT 64"
000007eb 5f4249542036 
000007f1 3400 
000007f3 01              840 	.byte	1
000007f4 00              841 	.byte	0
000007f5 5f5f4c44424c    842 	.strz	"__LDBL_SIZE 8"
000007fb 5f53495a4520 
00000801 3800 
00000803 01              843 	.byte	1
00000804 00              844 	.byte	0
00000805 5f5f5245475f    845 	.strz	"__REG_BIT 32"
0000080b 424954203332 
00000811 00 
00000812 01              846 	.byte	1
00000813 00              847 	.byte	0
00000814 5f5f46524547    848 	.strz	"__FREG_BIT 32"
0000081a 5f4249542033 
00000820 3200 
00000822 01              849 	.byte	1
00000823 00              850 	.byte	0
00000824 5f5f5265675f    851 	.strz	"__Reg_Is_32 1"
0000082a 49735f333220 
00000830 3100 
00000832 01              852 	.byte	1
00000833 00              853 	.byte	0
00000834 5f5f57436861    854 	.strz	"__WChar_Is_Signed__ 1"
0000083a 725f49735f53 
00000840 69676e65645f 
00000846 5f203100 

                                                                      Page 20
                                                              C:\Users\JAKAJ~1.ISY\AppData\Local\Temp\gh_000077c1.si
0000084a 01              855 	.byte	1
0000084b 00              856 	.byte	0
0000084c 5f5f57436861    857 	.strz	"__WChar_Is_Long__ 1"
00000852 725f49735f4c 
00000858 6f6e675f5f20 
0000085e 3100 
00000860 01              858 	.byte	1
00000861 00              859 	.byte	0
00000862 454d5054595f    860 	.strz	"EMPTY_TARGET_INIT 1"
00000868 544152474554 
0000086e 5f494e495420 
00000874 3100 
00000876 01              861 	.byte	1
00000877 00              862 	.byte	0
00000878 5f5f4c414e47    863 	.strz	"__LANGUAGE_C 1"
0000087e 554147455f43 
00000884 203100 
00000887 01              864 	.byte	1
00000888 00              865 	.byte	0
00000889 5f5f4c414e47    866 	.strz	"__LANGUAGE_C__ 1"
0000088f 554147455f43 
00000895 5f5f203100 
0000089a 01              867 	.byte	1
0000089b 00              868 	.byte	0
0000089c 5f5f4748535f    869 	.strz	"__GHS_FEATURE_STRIPPED 1"
000008a2 464541545552 
000008a8 455f53545249 
000008ae 505045442031 
000008b4 00 
000008b5 01              870 	.byte	1
000008b6 00              871 	.byte	0
000008b7 5f5f4748535f    872 	.strz	"__GHS_FEATURE_DISABLED 2"
000008bd 464541545552 
000008c3 455f44495341 
000008c9 424c45442032 
000008cf 00 
000008d0 01              873 	.byte	1
000008d1 00              874 	.byte	0
000008d2 5f5f4748535f    875 	.strz	"__GHS_FEATURE_ENABLED 3"
000008d8 464541545552 
000008de 455f454e4142 
000008e4 4c4544203300 
000008ea 03              876 	.byte	3
000008eb 00              877 	.byte	0
000008ec 01              878 	.byte	1
000008ed 04              879 	.byte	4
000008ee 00              880 	.byte	0
                         881 	.section	.debug_abbrev
0000007c 00              882 	.byte	0
                         883 	.section	.debug_info
                         884 .Ldw_end:
                         885 .rh850_flags REGMODE22,DATA_ALIGN8,GP_FIX,EP_NONFIX,TP_FIX,REG2_RESERVE,G3K,SDA_EXTRA_REGS_0
