Application App is using Alternate paths instead of Convert paths
Application App_Cortex-M0 is using Alternate paths instead of Convert paths
LOADING	D:\JakaJemec\winIDEA_public\NXP\LPC5410x\targetInit\Core0\Debug\output.elf
LOADING	D:\JakaJemec\winIDEA_public\NXP\LPC5410x\targetInit\Core1\Debug\output.elf
EMULATION	Asserting reset
EMULATION	Initial debug frequency set

****************************************
************* CORE INFO ****************
**  (CORE INDEX:  0:Cortex-M4)
**
**  CPUID:        0x410FC241
**  PARTNO:       0xC24
**  VARIANT:      0x0
**  REVISION:     0x1
**
**  Detected:     Cortex-M4 r0p1
****************************************


****************************************
************* CORE INFO ****************
**  (CORE INDEX:  1:Cortex-M0)
**
**  CPUID:        0x410CC601
**  PARTNO:       0xC60
**  VARIANT:      0x0
**  REVISION:     0x1
**
**  Detected:     Cortex-M0+ r0p1
****************************************

EMULATION	Finished connecting to SoC
EMULATION	Releasing reset
EMULATION	Reset is INACTIVE
EMULATION	Initialization script (if any) done
EMULATION	Final debug frequency set
EMULATION	STARTED
PROGRAMMING 	22127 bytes
WARNING	Programming of 02FC - 02FF skipped! (Protected region)
PROGRAMMING	NXP LPC5410x (512 kB) (2 sectors)
	AREA: AHB_0
	Verifying 0x001C locations from 0x0000
	Verifying 0x00C4 locations from 0x0020
	Verifying 0x1050 locations from 0x0400
	Verifying 0x0040 locations from 0x04'0000
	Verifying 0x44F7 locations from 0x04'0400
	Verifying 0x0004 locations from 0x0200'0400
	Verify OK
LOADING	D:\JakaJemec\winIDEA_public\NXP\LPC5410x\targetInit\Core0\Debug\output.elf
LOADING	D:\JakaJemec\winIDEA_public\NXP\LPC5410x\targetInit\Core1\Debug\output.elf
EMULATION	Asserting reset
EMULATION	Initial debug frequency set

****************************************
************* CORE INFO ****************
**  (CORE INDEX:  0:Cortex-M4)
**
**  CPUID:        0x410FC241
**  PARTNO:       0xC24
**  VARIANT:      0x0
**  REVISION:     0x1
**
**  Detected:     Cortex-M4 r0p1
****************************************


****************************************
************* CORE INFO ****************
**  (CORE INDEX:  1:Cortex-M0)
**
**  CPUID:        0x410CC601
**  PARTNO:       0xC60
**  VARIANT:      0x0
**  REVISION:     0x1
**
**  Detected:     Cortex-M0+ r0p1
****************************************

EMULATION	Finished connecting to SoC
EMULATION	Releasing reset
EMULATION	Reset is INACTIVE
EMULATION	Initialization script (if any) done
EMULATION	Final debug frequency set
EMULATION	STARTED
PROGRAMMING 	22127 bytes
WARNING	Programming of 02FC - 02FF skipped! (Protected region)
PROGRAMMING	NXP LPC5410x (512 kB) (2 sectors)
	AREA: AHB_0
	Verifying 0x001C locations from 0x0000
	Verifying 0x00C4 locations from 0x0020
	Verifying 0x1050 locations from 0x0400
	Verifying 0x0040 locations from 0x04'0000
	Verifying 0x44F7 locations from 0x04'0400
	Verifying 0x0004 locations from 0x0200'0400
	Verify OK
LOADING	D:\JakaJemec\winIDEA_public\NXP\LPC5410x\targetInit\Core0\Debug\output.elf
LOADING	D:\JakaJemec\winIDEA_public\NXP\LPC5410x\targetInit\Core1\Debug\output.elf
EMULATION	Asserting reset
EMULATION	Initial debug frequency set

****************************************
************* CORE INFO ****************
**  (CORE INDEX:  0:Cortex-M4)
**
**  CPUID:        0x410FC241
**  PARTNO:       0xC24
**  VARIANT:      0x0
**  REVISION:     0x1
**
**  Detected:     Cortex-M4 r0p1
****************************************


****************************************
************* CORE INFO ****************
**  (CORE INDEX:  1:Cortex-M0)
**
**  CPUID:        0x410CC601
**  PARTNO:       0xC60
**  VARIANT:      0x0
**  REVISION:     0x1
**
**  Detected:     Cortex-M0+ r0p1
****************************************

EMULATION	Finished connecting to SoC
EMULATION	Releasing reset
EMULATION	Reset is INACTIVE
EMULATION	Initialization script (if any) done
EMULATION	Final debug frequency set
EMULATION	STARTED
PROGRAMMING 	6888 bytes
WARNING	Programming of 02FC - 02FF skipped! (Protected region)
PROGRAMMING	NXP LPC5410x (512 kB) (2 sectors)
	AREA: AHB_0
	Verifying 0x001C locations from 0x0000
	Verifying 0x00C4 locations from 0x0020
	Verifying 0x1050 locations from 0x0400
	Verifying 0x0040 locations from 0x04'0000
	Verifying 0x0970 locations from 0x04'0400
	Verifying 0x0004 locations from 0x0200'0400
	Verify OK
