CALIBRATING	
Done.LOADING	D:\Venus\trunk\BlueBox\fitIDEA\samples\public\ZUBAT\emptyTargetInit\Debug\output.elf
EMULATION	Asserting reset
EMULATION	Initial debug frequency set

****************************************
************* CORE INFO ****************
**  (CORE INDEX:  0:CORE0)
**
**  CPUID:        0x410CC200
**  PARTNO:       0xC20
**  VARIANT:      0x0
**  REVISION:     0x0
**
**  Detected:     Cortex-M0 r0p0
****************************************

EMULATION	Finished connecting to SoC
EMULATION	Releasing reset
EMULATION	Reset is INACTIVE
EMULATION	Initialization script (if any) done
EMULATION	Final debug frequency set
EMULATION	STARTED
PROGRAMMING 	3324 bytes
PROGRAMMING	Indie Zubat_64k (7 sectors)
	AREA: AHB_0
	Verifying 0x0CFC locations from 0x0000
	Verify OK
PROGRAMMING	Indie Zubat_64k (1 sectors)
PROGRAMMING	Indie Zubat_64k (1 sectors)
EMULATION	END - Without cleanup
CALIBRATING	
Done.LOADING	D:\Venus\trunk\BlueBox\fitIDEA\samples\public\ZUBAT\emptyTargetInit\Debug\output.elf
EMULATION	Asserting reset
EMULATION	Initial debug frequency set

****************************************
************* CORE INFO ****************
**  (CORE INDEX:  0:CORE0)
**
**  CPUID:        0x410CC200
**  PARTNO:       0xC20
**  VARIANT:      0x0
**  REVISION:     0x0
**
**  Detected:     Cortex-M0 r0p0
****************************************

EMULATION	Finished connecting to SoC
EMULATION	Releasing reset
EMULATION	Reset is INACTIVE
EMULATION	Initialization script (if any) done
EMULATION	Final debug frequency set
EMULATION	STARTED
PROGRAMMING 	3324 bytes
PROGRAMMING	Indie Zubat_64k (7 sectors)
	AREA: AHB_0
	Verifying 0x0CFC locations from 0x0000
	Verify OK
EMULATION	END - Without cleanup
