                                                                      Page 1
                                                              C:\Users\JAKAJ~1.ISY\AppData\Local\Temp\gh_00002gc1.si
Command Line: X:\GHS\V850\comp_201655\ease850.exe -w -elf -b0 -ID:\JakaJemec\winIDEA_public\Renesas\RH850_F1L_GHS\targetInit\ -ID:\JakaJemec\winIDEA_public\Renesas\common -ID:\JakaJemec\winIDEA_public\Renesas\common\iTest -IX:\GHS\V850\comp_201655\lib\rh850_22 -cg_underscore -cpu=rh850g3k -nofpu -no_v850_simd -nomacro -patch_dbo=D:\JakaJemec\winIDEA_public\Renesas\RH850_F1L_GHS\targetInit\sft_hal_ghs.dbo -source=sft_hal_ghs.c -o gh_00002gc1.o -list=sft_hal_ghs.lst C:\Users\JAKAJ~1.ISY\AppData\Local\Temp\gh_00002gc1.si 
Original File: C:\Users\JAKAJ~1.ISY\AppData\Local\Temp\gh_00002gc1.si
Source File: sft_hal_ghs.c
Directory: D:\JakaJemec\winIDEA_public\Renesas\RH850_F1L_GHS\targetInit
Host OS: Windows
EASE: Copyright (C) 1983-2016 Green Hills Software.  All Rights Reserved.
Release: Compiler v2016.5.5
Build Directory: [Directory] BTOWINBOX:c:/build_2015_5_bto/2016-10-20.2030-2015_5_bto/win32-comp-ecom
Revision: [VCInfo] http://toolsvc/branches/release-branch-2015-5-bto/src@577807 (built by build)
Revision Date: Fri Oct 21 06:30:37 2016

Release Date: Fri Oct 21 08:02:41 2016

                           1 --Driver Command: cxv850
                           2 --		D:\JakaJemec\winIDEA_public\Renesas\RH850_F1L_GHS\targetInit\sft_hal_ghs.c
                           3 --		-c -cpu=rh850 -G -list -Omoredebug -dual_debug -full_debug_info
                           4 --		-no_prepare_dispose -no_callt -sda=all -nopic -registermode=22
                           5 --		-reserve_r2 -reserve_r5 -passsource -preprocess_assembly_files
                           6 --		--exceptions --stdle -dwarf2 --STD --force_vtbl --rtti
                           7 --		-ID:\JakaJemec\winIDEA_public\Renesas\RH850_F1L_GHS\targetInit\
                           8 --		-ID:\JakaJemec\winIDEA_public\Renesas\common
                           9 --		-ID:\JakaJemec\winIDEA_public\Renesas\common\iTest
                          10 --		--keep_static_symbols
                          11 --Source File:   D:\JakaJemec\winIDEA_public\Renesas\RH850_F1L_GHS\targetInit\sft_hal_ghs.c
                          12 --Directory:     D:\JakaJemec\winIDEA_public\Renesas\RH850_F1L_GHS\targetInit
                          13 --Compile Date:  Mon Nov 08 22:38:09 2021
                          14 --Host OS:       Win32
                          15 --Version:       C-RH850 2016.5.5 RELEASE VERSION
                          16 --Release:       Compiler v2016.5.5
                          17 --Revision Date: Fri Oct 21 06:36:40 2016
                          18 --Release Date:  Fri Oct 21 08:06:01 2016
                          19 -- ecom  -g -w
                          20 
                          21 --1: void isystem_sft_dbpush_r28(int value)
                          22 	.text
                          23 ..bof.D.3A.5CJakaJemec.5CwinIDEA_public.5CRenesas.5CRH850_F1L_GHS.5CtargetInit.5Csft_hal_ghs...44.3A.5CJakaJemec.5CwinIDEA_public.5CRenesas.5CRH850_F1L_GHS.5CtargetInit..618998C2..0::
                          24 	.align	2
                          25 	.align	2
                          26 ..gh.f.a.2.e.0:
                          27 	.type	..gh.f.a.2.e.0,@object
                          28 	.size	..gh.f.a.2.e.0,0
                          29 	.global	_isystem_sft_dbpush_r28
                          30 _isystem_sft_dbpush_r28:
00000000 5c1a             31 	add	-4,sp
00000002 63e70100         32 	st.w	r28,0[sp]
00000006 0608             33 	mov	r6,r1
                          34 --	    .bf
                          35 .LDW01:
                          36 --2: {
                          37 --3:   __asm("prepare {r28},0"); // save register r28    
                          38 ..gh.beginasm.1:
                          39 	.type	..gh.beginasm.1,@object
                          40 	.size	..gh.beginasm.1,0
00000008 80078100         41 prepare {r28},0
                          42 
                          43 ..gh.endasm.2:
                          44 	.type	..gh.endasm.2,@object
                          45 	.size	..gh.endasm.2,0
                          46 --4:   __asm( "mov %0, r28"
                          47 --line4
                          48 ..lin.D.3A.5CJakaJemec.5CwinIDEA_public.5CRenesas.5CRH850_F1L_GHS.5CtargetInit.5Csft_hal_ghs.1::
                          49 .LDWlin1:
                          50 ..gh.beginasm.3:

                                                                      Page 2
                                                              C:\Users\JAKAJ~1.ISY\AppData\Local\Temp\gh_00002gc1.si
                          51 	.type	..gh.beginasm.3,@object
                          52 	.size	..gh.beginasm.3,0
0000000c 01e0             53 mov r1, r28
                          54 
                          55 ..gh.endasm.4:
                          56 	.type	..gh.endasm.4,@object
                          57 	.size	..gh.endasm.4,0
                          58 --5:    :
                          59 --6:    : "X" (value)
                          60 --7:    : "r28"
                          61 --8:     );                      // write value to register r28
                          62 --9:   __asm("DBPUSH r28-r28");  // output register r28
                          63 --line9
                          64 ..lin.D.3A.5CJakaJemec.5CwinIDEA_public.5CRenesas.5CRH850_F1L_GHS.5CtargetInit.5Csft_hal_ghs.2::
                          65 .LDWlin2:
                          66 ..gh.beginasm.5:
                          67 	.type	..gh.beginasm.5,@object
                          68 	.size	..gh.beginasm.5,0
0000000e fc5f60e1         69 DBPUSH r28-r28
                          70 
                          71 ..gh.endasm.6:
                          72 	.type	..gh.endasm.6,@object
                          73 	.size	..gh.endasm.6,0
                          74 --10:   __asm("dispose 0,{r28}"); // restore register r28 
                          75 --line10
                          76 ..lin.D.3A.5CJakaJemec.5CwinIDEA_public.5CRenesas.5CRH850_F1L_GHS.5CtargetInit.5Csft_hal_ghs.3::
                          77 .LDWlin3:
                          78 ..gh.beginasm.7:
                          79 	.type	..gh.beginasm.7,@object
                          80 	.size	..gh.beginasm.7,0
00000012 40068000         81 dispose 0,{r28}
                          82 
                          83 ..gh.endasm.8:
                          84 	.type	..gh.endasm.8,@object
                          85 	.size	..gh.endasm.8,0
                          86 --11: }
                          87 --	    .ef
                          88 .LDW11:
                          89 --line11
                          90 ..lin.D.3A.5CJakaJemec.5CwinIDEA_public.5CRenesas.5CRH850_F1L_GHS.5CtargetInit.5Csft_hal_ghs.4::
                          91 .LDWlin4:
00000016 23e70100         92 	ld.w	0[sp],r28
0000001a 441a             93 	add	4,sp
                          94 	.jumptype return
0000001c 7f00             95 	jmp	[lp]
                          96 	.global	___ghs_eofn_isystem_sft_dbpush_r28
                          97 ___ghs_eofn_isystem_sft_dbpush_r28:
                          98 	.type	_isystem_sft_dbpush_r28,@function
                          99 	.size	_isystem_sft_dbpush_r28,.-_isystem_sft_dbpush_r28
                         100 	.align	2
                         101 
                         102 --_value	r1	param
                         103 
                         104 	.section ".bss","awb"
                         105 .L46:
                         106 	.type	.L46,@object
                         107 	.size	.L46,0
                         108 	.data
                         109 	.text
                         110 
                         111 	.align	2

                                                                      Page 3
                                                              C:\Users\JAKAJ~1.ISY\AppData\Local\Temp\gh_00002gc1.si
                         112 
                         113 	.data
                         114 	.ghsnote version,18
                         115 	.ghsnote tools,8195
                         116 	.ghsnote options,656
                         117 	.text
                         118 	.align	2
                         119 ..eof.D.3A.5CJakaJemec.5CwinIDEA_public.5CRenesas.5CRH850_F1L_GHS.5CtargetInit.5Csft_hal_ghs...44.3A.5CJakaJemec.5CwinIDEA_public.5CRenesas.5CRH850_F1L_GHS.5CtargetInit..618998C2..0::
                         120 	.section	.debug_info
                         121 .Ldw_begin:
00000000 1c010000        122 	.word	.Ldw_end-.Ldw_begin-4
00000004 0200            123 	.byte	2,0
00000006 00000000*       124 	.word	.Ldw_abbr_begin
0000000a 04              125 	.byte	4
                         126 	.section	.debug_abbrev
                         127 .Ldw_abbr_begin:
                         128 	.section	.debug_info
0000000b 01              129 	.byte	1
0000000c 00000000*       130 	.word	..bof.D.3A.5CJakaJemec.5CwinIDEA_public.5CRenesas.5CRH850_F1L_GHS.5CtargetInit.5Csft_hal_ghs...44.3A.5CJakaJemec.5CwinIDEA_public.5CRenesas.5CRH850_F1L_GHS.5CtargetInit..618998C2..0
00000010 00000000*       131 	.word	..eof.D.3A.5CJakaJemec.5CwinIDEA_public.5CRenesas.5CRH850_F1L_GHS.5CtargetInit.5Csft_hal_ghs...44.3A.5CJakaJemec.5CwinIDEA_public.5CRenesas.5CRH850_F1L_GHS.5CtargetInit..618998C2..0
00000014 443a5c4a616b    132 	.strz	"D:\\JakaJemec\\winIDEA_public\\Renesas\\RH850_F1L_GHS\\targetInit\\sft_hal_ghs.c"
0000001a 614a656d6563 
00000020 5c77696e4944 
00000026 45415f707562 
0000002c 6c69635c5265 
00000032 6e657361735c 
00000038 52483835305f 
0000003e 46314c5f4748 
00000044 535c74617267 
0000004a 6574496e6974 
00000050 5c7366745f68 
00000056 616c5f676873 
0000005c 2e6300 
0000005f 443a5c4a616b    133 	.strz	"D:\\JakaJemec\\winIDEA_public\\Renesas\\RH850_F1L_GHS\\targetInit"
00000065 614a656d6563 
0000006b 5c77696e4944 
00000071 45415f707562 
00000077 6c69635c5265 
0000007d 6e657361735c 
00000083 52483835305f 
00000089 46314c5f4748 
0000008f 535c74617267 
00000095 6574496e6974 
0000009b 00 
0000009c 474853204320    134 	.strz	"GHS C 2016.5.5 [dual]"
000000a2 323031362e35 
000000a8 2e35205b6475 
000000ae 616c5d00 
000000b2 0100            135 	.byte	1,0
000000b4 00000000*       136 	.word	.Ldw_line_begin
000000b8 00000000*       137 	.word	.Ldw_macinfo_begin
000000bc 00              138 	.byte	0
                         139 
                         140 	.section	.debug_abbrev
00000000 01              141 	.byte	1
00000001 11              142 	.byte	17
00000002 01              143 	.byte	1
00000003 1101            144 	.byte	17,1
00000005 1201            145 	.byte	18,1
00000007 0308            146 	.byte	3,8
00000009 1b08            147 	.byte	27,8

                                                                      Page 4
                                                              C:\Users\JAKAJ~1.ISY\AppData\Local\Temp\gh_00002gc1.si
0000000b 2508            148 	.byte	37,8
0000000d 1305            149 	.byte	19,5
0000000f 1006            150 	.byte	16,6
00000011 4306            151 	.byte	67,6
00000013 420b            152 	.byte	66,11
00000015 0000            153 	.byte	0,0
                         154 
                         155 	.section	.debug_line
                         156 .Ldw_line_begin:
00000000 97000000        157 	.word	.Ldw_line_end-.Ldw_line_begin-4
00000004 0200            158 	.byte	2,0
00000006 00000000*       159 	.word	.Ldw_lpro_end-.Ldw_lpro_begin
                         160 .Ldw_lpro_begin:
0000000a 01              161 	.byte	1
0000000b 00              162 	.byte	0
0000000c 00              163 	.byte	0
0000000d 04              164 	.byte	4
0000000e 0a              165 	.byte	10
0000000f 000101          166 	.byte	0,1,1
00000012 010100          167 	.byte	1,1,0
00000015 000001          168 	.byte	0,0,1
00000018 00              169 	.byte	0
00000019 443a5c4a616b    170 	.strz	"D:\\JakaJemec\\winIDEA_public\\Renesas\\RH850_F1L_GHS\\targetInit\\sft_hal_ghs.c"
0000001f 614a656d6563 
00000025 5c77696e4944 
0000002b 45415f707562 
00000031 6c69635c5265 
00000037 6e657361735c 
0000003d 52483835305f 
00000043 46314c5f4748 
00000049 535c74617267 
0000004f 6574496e6974 
00000055 5c7366745f68 
0000005b 616c5f676873 
00000061 2e6300 
00000064 000000          171 	.byte	0,0,0
00000067 00              172 	.byte	0
                         173 .Ldw_lpro_end:
                         174 	.section	.debug_macinfo
                         175 .Ldw_macinfo_begin:
                         176 	.section	.debug_frame
                         177 .LDW_49734a0:
00000000 00000000*       178 	.word	.LDW_unq_2-.LDW_unq_1
                         179 .LDW_unq_1:
00000004 ffffffff        180 	.byte	255,255,255,255
00000008 01              181 	.byte	1
00000009 00              182 	.byte	0
0000000a 01              183 	.byte	1
0000000b 01              184 	.byte	1
0000000c 1f              185 	.byte	31
0000000d 0c              186 	.byte	12
0000000e 03              187 	.byte	3
0000000f 00              188 	.byte	0
00000010 07              189 	.byte	7
00000011 00              190 	.byte	0
00000012 07              191 	.byte	7
00000013 01              192 	.byte	1
00000014 07              193 	.byte	7
00000015 02              194 	.byte	2
00000016 07              195 	.byte	7
00000017 03              196 	.byte	3

                                                                      Page 5
                                                              C:\Users\JAKAJ~1.ISY\AppData\Local\Temp\gh_00002gc1.si
00000018 07              197 	.byte	7
00000019 04              198 	.byte	4
0000001a 07              199 	.byte	7
0000001b 05              200 	.byte	5
0000001c 07              201 	.byte	7
0000001d 06              202 	.byte	6
0000001e 07              203 	.byte	7
0000001f 07              204 	.byte	7
00000020 07              205 	.byte	7
00000021 08              206 	.byte	8
00000022 07              207 	.byte	7
00000023 09              208 	.byte	9
00000024 07              209 	.byte	7
00000025 0a              210 	.byte	10
00000026 07              211 	.byte	7
00000027 0b              212 	.byte	11
00000028 07              213 	.byte	7
00000029 0c              214 	.byte	12
0000002a 07              215 	.byte	7
0000002b 0d              216 	.byte	13
0000002c 07              217 	.byte	7
0000002d 0e              218 	.byte	14
0000002e 07              219 	.byte	7
0000002f 0f              220 	.byte	15
00000030 07              221 	.byte	7
00000031 10              222 	.byte	16
00000032 07              223 	.byte	7
00000033 11              224 	.byte	17
00000034 07              225 	.byte	7
00000035 12              226 	.byte	18
00000036 07              227 	.byte	7
00000037 13              228 	.byte	19
00000038 08              229 	.byte	8
00000039 14              230 	.byte	20
0000003a 08              231 	.byte	8
0000003b 15              232 	.byte	21
0000003c 08              233 	.byte	8
0000003d 16              234 	.byte	22
0000003e 08              235 	.byte	8
0000003f 17              236 	.byte	23
00000040 08              237 	.byte	8
00000041 18              238 	.byte	24
00000042 08              239 	.byte	8
00000043 19              240 	.byte	25
00000044 08              241 	.byte	8
00000045 1a              242 	.byte	26
00000046 08              243 	.byte	8
00000047 1b              244 	.byte	27
00000048 08              245 	.byte	8
00000049 1c              246 	.byte	28
0000004a 08              247 	.byte	8
0000004b 1d              248 	.byte	29
0000004c 07              249 	.byte	7
0000004d 1e              250 	.byte	30
0000004e 08              251 	.byte	8
0000004f 1f              252 	.byte	31
00000050 07              253 	.byte	7
00000051 20              254 	.byte	32
00000052 07              255 	.byte	7
00000053 21              256 	.byte	33
00000054 07              257 	.byte	7

                                                                      Page 6
                                                              C:\Users\JAKAJ~1.ISY\AppData\Local\Temp\gh_00002gc1.si
00000055 22              258 	.byte	34
00000056 07              259 	.byte	7
00000057 23              260 	.byte	35
00000058 07              261 	.byte	7
00000059 24              262 	.byte	36
0000005a 07              263 	.byte	7
0000005b 25              264 	.byte	37
0000005c 07              265 	.byte	7
0000005d 26              266 	.byte	38
0000005e 07              267 	.byte	7
0000005f 27              268 	.byte	39
00000060 07              269 	.byte	7
00000061 28              270 	.byte	40
00000062 07              271 	.byte	7
00000063 29              272 	.byte	41
00000064 07              273 	.byte	7
00000065 2a              274 	.byte	42
00000066 07              275 	.byte	7
00000067 2b              276 	.byte	43
00000068 07              277 	.byte	7
00000069 2c              278 	.byte	44
0000006a 07              279 	.byte	7
0000006b 2d              280 	.byte	45
0000006c 07              281 	.byte	7
0000006d 2e              282 	.byte	46
0000006e 07              283 	.byte	7
0000006f 2f              284 	.byte	47
00000070 07              285 	.byte	7
00000071 30              286 	.byte	48
00000072 07              287 	.byte	7
00000073 31              288 	.byte	49
00000074 07              289 	.byte	7
00000075 32              290 	.byte	50
00000076 07              291 	.byte	7
00000077 33              292 	.byte	51
00000078 07              293 	.byte	7
00000079 34              294 	.byte	52
0000007a 07              295 	.byte	7
0000007b 35              296 	.byte	53
0000007c 07              297 	.byte	7
0000007d 36              298 	.byte	54
0000007e 07              299 	.byte	7
0000007f 37              300 	.byte	55
00000080 07              301 	.byte	7
00000081 38              302 	.byte	56
00000082 07              303 	.byte	7
00000083 39              304 	.byte	57
00000084 07              305 	.byte	7
00000085 3a              306 	.byte	58
00000086 07              307 	.byte	7
00000087 3b              308 	.byte	59
00000088 07              309 	.byte	7
00000089 3c              310 	.byte	60
0000008a 07              311 	.byte	7
0000008b 3d              312 	.byte	61
0000008c 07              313 	.byte	7
0000008d 3e              314 	.byte	62
0000008e 07              315 	.byte	7
0000008f 3f              316 	.byte	63
                         317 .LDW_unq_2:
                         318 	.section	.debug_info

                                                                      Page 7
                                                              C:\Users\JAKAJ~1.ISY\AppData\Local\Temp\gh_00002gc1.si
                         319 .LDW_4935950:
000000bd 27              320 	.byte	39
000000be 696e7400        321 	.strz	"int"
000000c2 05              322 	.byte	5
000000c3 04              323 	.byte	4
                         324 
                         325 	.section	.debug_abbrev
00000017 27              326 	.byte	39
00000018 24              327 	.byte	36
00000019 00              328 	.byte	0
0000001a 0308            329 	.byte	3,8
0000001c 3e0b            330 	.byte	62,11
0000001e 0b0b            331 	.byte	11,11
00000020 0000            332 	.byte	0,0
                         333 
                         334 	.section	.debug_info
                         335 .LDW_4935a68:
000000c4 47              336 	.byte	71
000000c5 01              337 	.byte	1
                         338 
                         339 	.section	.debug_abbrev
00000022 47              340 	.byte	71
00000023 15              341 	.byte	21
00000024 01              342 	.byte	1
00000025 270c            343 	.byte	39,12
00000027 0000            344 	.byte	0,0
                         345 
                         346 	.section	.debug_info
                         347 .LDW_4979b68:
000000c6 14              348 	.byte	20
000000c7 00000000*       349 	.word	.LDW_4935950
000000cb 00              350 	.byte	0
                         351 
                         352 	.section	.debug_abbrev
00000029 14              353 	.byte	20
0000002a 05              354 	.byte	5
0000002b 00              355 	.byte	0
0000002c 4910            356 	.byte	73,16
0000002e 4b0c            357 	.byte	75,12
00000030 0000            358 	.byte	0,0
                         359 
                         360 	.section	.debug_info
000000cc 00              361 	.byte	0
                         362 
                         363 .LDW_5784d10:
000000cd 15              364 	.byte	21
000000ce 697379737465    365 	.strz	"isystem_sft_dbpush_r28"
000000d4 6d5f7366745f 
000000da 646270757368 
000000e0 5f72323800 
000000e5 01              366 	.byte	1
000000e6 06              367 	.byte	6
000000e7 01              368 	.byte	1
000000e8 00000000*       369 	.word	_isystem_sft_dbpush_r28
000000ec 00000000*       370 	.word	___ghs_eofn_isystem_sft_dbpush_r28
000000f0 0153            371 	.byte	1,83
000000f2 8280808001      372 	.byte	130,128,128,128,1
000000f7 04              373 	.byte	4
000000f8 828004          374 	.byte	130,128,4
000000fb 04              375 	.byte	4
000000fc 00              376 	.byte	0

                                                                      Page 8
                                                              C:\Users\JAKAJ~1.ISY\AppData\Local\Temp\gh_00002gc1.si
000000fd 00              377 	.byte	0
000000fe 00              378 	.byte	0
000000ff 01              379 	.byte	1
00000100 01              380 	.byte	1
00000101 00              381 	.byte	0
00000102 01              382 	.byte	1
                         383 
                         384 	.section	.debug_abbrev
00000032 15              385 	.byte	21
00000033 2e              386 	.byte	46
00000034 01              387 	.byte	1
00000035 0308            388 	.byte	3,8
00000037 3b0f            389 	.byte	59,15
00000039 390f            390 	.byte	57,15
0000003b 3a0f            391 	.byte	58,15
0000003d 1101            392 	.byte	17,1
0000003f 1201            393 	.byte	18,1
00000041 400a            394 	.byte	64,10
00000043 8341            395 	.byte	131,65
00000045 0f              396 	.byte	15
00000046 8741            397 	.byte	135,65
00000048 0d              398 	.byte	13
00000049 8541            399 	.byte	133,65
0000004b 0f              400 	.byte	15
0000004c 8641            401 	.byte	134,65
0000004e 0d              402 	.byte	13
0000004f 9241            403 	.byte	146,65
00000051 0f              404 	.byte	15
00000052 3c0c            405 	.byte	60,12
00000054 200b            406 	.byte	32,11
00000056 3f0c            407 	.byte	63,12
00000058 320b            408 	.byte	50,11
0000005a 4c0b            409 	.byte	76,11
0000005c 270c            410 	.byte	39,12
0000005e 0000            411 	.byte	0,0
                         412 
                         413 	.section	.debug_frame
                         414 .LDW_4971ec0:
00000090 00000000*       415 	.word	.LDW_unq_4-.LDW_unq_3
                         416 .LDW_unq_3:
00000094 00000000*       417 	.word	.LDW_49734a0
00000098 00000000*       418 	.word	_isystem_sft_dbpush_r28
0000009c 00000000*       419 	.word	___ghs_eofn_isystem_sft_dbpush_r28-_isystem_sft_dbpush_r28
000000a0 46              420 	.byte	70
000000a1 9c              421 	.byte	156
000000a2 00              422 	.byte	0
000000a3 01              423 	.byte	1
000000a4 00000000*       424 	.word	.LDW11
000000a8 44              425 	.byte	68
000000a9 dc              426 	.byte	220
000000aa 00              427 	.byte	0
000000ab 00              428 	.byte	0
                         429 .LDW_unq_4:
                         430 	.section	.debug_line
00000068 000502          431 	.byte	0,5,2
0000006b 00000000*       432 	.word	_isystem_sft_dbpush_r28
0000006f 06              433 	.byte	6
00000070 0b              434 	.byte	11
00000071 2b              435 	.byte	43
00000072 000502          436 	.byte	0,5,2
00000075 00000000*       437 	.word	.LDWlin1

                                                                      Page 9
                                                              C:\Users\JAKAJ~1.ISY\AppData\Local\Temp\gh_00002gc1.si
00000079 0b              438 	.byte	11
0000007a 000502          439 	.byte	0,5,2
0000007d 00000000*       440 	.word	.LDWlin2
00000081 03              441 	.byte	3
00000082 05              442 	.byte	5
00000083 02              443 	.byte	2
00000084 00              444 	.byte	0
00000085 01              445 	.byte	1
00000086 000502          446 	.byte	0,5,2
00000089 00000000*       447 	.word	.LDWlin3
0000008d 0b              448 	.byte	11
0000008e 000502          449 	.byte	0,5,2
00000091 00000000*       450 	.word	.LDWlin4
00000095 0b              451 	.byte	11
00000096 02              452 	.byte	2
00000097 08              453 	.byte	8
00000098 000101          454 	.byte	0,1,1
                         455 	.section	.debug_info
                         456 .LDW_5784da8:
00000103 11              457 	.byte	17
00000104 76616c756500    458 	.strz	"value"
0000010a 01              459 	.byte	1
0000010b 21              460 	.byte	33
0000010c 01              461 	.byte	1
0000010d 00000000*       462 	.word	.LDW_4935950
00000111 00              463 	.byte	0
00000112 0151            464 	.byte	1,81
                         465 
                         466 	.section	.debug_abbrev
00000060 11              467 	.byte	17
00000061 05              468 	.byte	5
00000062 00              469 	.byte	0
00000063 0308            470 	.byte	3,8
00000065 3b0f            471 	.byte	59,15
00000067 390f            472 	.byte	57,15
00000069 3a0f            473 	.byte	58,15
0000006b 4910            474 	.byte	73,16
0000006d 4b0c            475 	.byte	75,12
0000006f 020a            476 	.byte	2,10
00000071 0000            477 	.byte	0,0
                         478 
                         479 	.section	.debug_info
                         480 .LDW_4979ce8:
00000114 1f              481 	.byte	31
00000115 00000000*       482 	.word	.LDW01
00000119 00000000*       483 	.word	.LDW11
                         484 
                         485 	.section	.debug_abbrev
00000073 1f              486 	.byte	31
00000074 0b              487 	.byte	11
00000075 01              488 	.byte	1
00000076 1101            489 	.byte	17,1
00000078 1201            490 	.byte	18,1
0000007a 0000            491 	.byte	0,0
                         492 
                         493 	.section	.debug_info
0000011d 00              494 	.byte	0
                         495 
0000011e 00              496 	.byte	0
                         497 
0000011f 00              498 	.byte	0

                                                                      Page 10
                                                              C:\Users\JAKAJ~1.ISY\AppData\Local\Temp\gh_00002gc1.si
                         499 
                         500 	.section	.debug_line
                         501 .Ldw_line_end:
                         502 	.section	.debug_macinfo
00000000 01              503 	.byte	1
00000001 00              504 	.byte	0
00000002 5f5f44415445    505 	.strz	"__DATE__ \"Nov  8 2021\""
00000008 5f5f20224e6f 
0000000e 762020382032 
00000014 3032312200 
00000019 01              506 	.byte	1
0000001a 00              507 	.byte	0
0000001b 5f5f54494d45    508 	.strz	"__TIME__ \"22:38:09\""
00000021 5f5f20223232 
00000027 3a33383a3039 
0000002d 2200 
0000002f 01              509 	.byte	1
00000030 00              510 	.byte	0
00000031 5f5f4748535f    511 	.strz	"__GHS_REVISION_DATE \"Oct 21 2016\""
00000037 524556495349 
0000003d 4f4e5f444154 
00000043 4520224f6374 
00000049 203231203230 
0000004f 31362200 
00000053 01              512 	.byte	1
00000054 00              513 	.byte	0
00000055 5f5f4748535f    514 	.strz	"__GHS_REVISION_VALUE 1477024600"
0000005b 524556495349 
00000061 4f4e5f56414c 
00000067 554520313437 
0000006d 373032343630 
00000073 3000 
00000075 01              515 	.byte	1
00000076 00              516 	.byte	0
00000077 5f5f4748535f    517 	.strz	"__GHS_VERSION_NUMBER 201655"
0000007d 56455253494f 
00000083 4e5f4e554d42 
00000089 455220323031 
0000008f 36353500 
00000093 01              518 	.byte	1
00000094 00              519 	.byte	0
00000095 5f5f53544443    520 	.strz	"__STDC__ 1"
0000009b 5f5f203100 
000000a0 01              521 	.byte	1
000000a1 00              522 	.byte	0
000000a2 5f5f53544443    523 	.strz	"__STDC_HOSTED__ 1"
000000a8 5f484f535445 
000000ae 445f5f203100 
000000b4 01              524 	.byte	1
000000b5 00              525 	.byte	0
000000b6 5f5f53544443    526 	.strz	"__STDC_NO_ATOMICS__ 1"
000000bc 5f4e4f5f4154 
000000c2 4f4d4943535f 
000000c8 5f203100 
000000cc 01              527 	.byte	1
000000cd 00              528 	.byte	0
000000ce 5f5f4544475f    529 	.strz	"__EDG_VERSION__ 409"
000000d4 56455253494f 
000000da 4e5f5f203430 
000000e0 3900 
000000e2 01              530 	.byte	1

                                                                      Page 11
                                                              C:\Users\JAKAJ~1.ISY\AppData\Local\Temp\gh_00002gc1.si
000000e3 00              531 	.byte	0
000000e4 5f5f4544475f    532 	.strz	"__EDG_SIZE_TYPE__ unsigned int"
000000ea 53495a455f54 
000000f0 5950455f5f20 
000000f6 756e7369676e 
000000fc 656420696e74 
00000102 00 
00000103 01              533 	.byte	1
00000104 00              534 	.byte	0
00000105 5f5f4544475f    535 	.strz	"__EDG_PTRDIFF_TYPE__ int"
0000010b 505452444946 
00000111 465f54595045 
00000117 5f5f20696e74 
0000011d 00 
0000011e 01              536 	.byte	1
0000011f 00              537 	.byte	0
00000120 5f5f474e555f    538 	.strz	"__GNU_ASM_SUPPORT__ 1"
00000126 41534d5f5355 
0000012c 50504f52545f 
00000132 5f203100 
00000136 01              539 	.byte	1
00000137 00              540 	.byte	0
00000138 5f426f6f6c5f    541 	.strz	"_Bool_DEFINED 1"
0000013e 444546494e45 
00000144 44203100 
00000148 01              542 	.byte	1
00000149 00              543 	.byte	0
0000014a 5f5f4c494e45    544 	.strz	"__LINE__"
00000150 5f5f00 
00000153 01              545 	.byte	1
00000154 00              546 	.byte	0
00000155 5f5f46494c45    547 	.strz	"__FILE__"
0000015b 5f5f00 
0000015e 01              548 	.byte	1
0000015f 00              549 	.byte	0
00000160 646566696e65    550 	.strz	"defined"
00000166 6400 
00000168 01              551 	.byte	1
00000169 00              552 	.byte	0
0000016a 5f5f42415345    553 	.strz	"__BASE_FILE__"
00000170 5f46494c455f 
00000176 5f00 
00000178 01              554 	.byte	1
00000179 00              555 	.byte	0
0000017a 5f507261676d    556 	.strz	"_Pragma"
00000180 6100 
00000182 01              557 	.byte	1
00000183 00              558 	.byte	0
00000184 5f5f434f554e    559 	.strz	"__COUNTER__"
0000018a 5445525f5f00 
00000190 01              560 	.byte	1
00000191 00              561 	.byte	0
00000192 5f5f54494d45    562 	.strz	"__TIMESTAMP__"
00000198 5354414d505f 
0000019e 5f00 
000001a0 01              563 	.byte	1
000001a1 00              564 	.byte	0
000001a2 5f5f42415345    565 	.strz	"__BASE__"
000001a8 5f5f00 
000001ab 01              566 	.byte	1
000001ac 00              567 	.byte	0

                                                                      Page 12
                                                              C:\Users\JAKAJ~1.ISY\AppData\Local\Temp\gh_00002gc1.si
000001ad 5f5f46554c4c    568 	.strz	"__FULL_FILE__"
000001b3 5f46494c455f 
000001b9 5f00 
000001bb 01              569 	.byte	1
000001bc 00              570 	.byte	0
000001bd 5f5f46554c4c    571 	.strz	"__FULL_DIR__"
000001c3 5f4449525f5f 
000001c9 00 
000001ca 01              572 	.byte	1
000001cb 00              573 	.byte	0
000001cc 5f5f41534d53    574 	.strz	"__ASMSYM_INTERNAL"
000001d2 594d5f494e54 
000001d8 45524e414c00 
000001de 01              575 	.byte	1
000001df 00              576 	.byte	0
000001e0 5f5f67687320    577 	.strz	"__ghs 1"
000001e6 3100 
000001e8 01              578 	.byte	1
000001e9 00              579 	.byte	0
000001ea 5f5f6768735f    580 	.strz	"__ghs__ 1"
000001f0 5f203100 
000001f4 01              581 	.byte	1
000001f5 00              582 	.byte	0
000001f6 5f5f50524f54    583 	.strz	"__PROTOTYPES__ 1"
000001fc 4f5459504553 
00000202 5f5f203100 
00000207 01              584 	.byte	1
00000208 00              585 	.byte	0
00000209 5f5f53544443    586 	.strz	"__STDC__ 1"
0000020f 5f5f203100 
00000214 01              587 	.byte	1
00000215 00              588 	.byte	0
00000216 5f5f53544443    589 	.strz	"__STDC_HOSTED__ 1"
0000021c 5f484f535445 
00000222 445f5f203100 
00000228 01              590 	.byte	1
00000229 00              591 	.byte	0
0000022a 5f5f53544443    592 	.strz	"__STDC_VERSION__ 199901L"
00000230 5f5645525349 
00000236 4f4e5f5f2031 
0000023c 39393930314c 
00000242 00 
00000243 01              593 	.byte	1
00000244 00              594 	.byte	0
00000245 5f5f41545452    595 	.strz	"__ATTRIBUTES 1"
0000024b 494255544553 
00000251 203100 
00000254 01              596 	.byte	1
00000255 00              597 	.byte	0
00000256 5f5f4544475f    598 	.strz	"__EDG__ 1"
0000025c 5f203100 
00000260 01              599 	.byte	1
00000261 00              600 	.byte	0
00000262 5f5f536f6674    601 	.strz	"__SoftwareFloat 1"
00000268 77617265466c 
0000026e 6f6174203100 
00000274 01              602 	.byte	1
00000275 00              603 	.byte	0
00000276 5f5f536f6674    604 	.strz	"__SoftwareFloat__ 1"
0000027c 77617265466c 
00000282 6f61745f5f20 

                                                                      Page 13
                                                              C:\Users\JAKAJ~1.ISY\AppData\Local\Temp\gh_00002gc1.si
00000288 3100 
0000028a 01              605 	.byte	1
0000028b 00              606 	.byte	0
0000028c 5f5f536f6674    607 	.strz	"__SoftwareDouble 1"
00000292 77617265446f 
00000298 75626c652031 
0000029e 00 
0000029f 01              608 	.byte	1
000002a0 00              609 	.byte	0
000002a1 5f5f536f6674    610 	.strz	"__SoftwareDouble__ 1"
000002a7 77617265446f 
000002ad 75626c655f5f 
000002b3 203100 
000002b6 01              611 	.byte	1
000002b7 00              612 	.byte	0
000002b8 5f5f6768735f    613 	.strz	"__ghs_asm 2"
000002be 61736d203200 
000002c4 01              614 	.byte	1
000002c5 00              615 	.byte	0
000002c6 5f5f454c4620    616 	.strz	"__ELF 1"
000002cc 3100 
000002ce 01              617 	.byte	1
000002cf 00              618 	.byte	0
000002d0 5f5f454c465f    619 	.strz	"__ELF__ 1"
000002d6 5f203100 
000002da 01              620 	.byte	1
000002db 00              621 	.byte	0
000002dc 5f5f434f5245    622 	.strz	"__CORE_V850E3V5__ 1"
000002e2 5f5638353045 
000002e8 3356355f5f20 
000002ee 3100 
000002f0 01              623 	.byte	1
000002f1 00              624 	.byte	0
000002f2 5f5f434f5245    625 	.strz	"__CORE_V850E2V3__ 1"
000002f8 5f5638353045 
000002fe 3256335f5f20 
00000304 3100 
00000306 01              626 	.byte	1
00000307 00              627 	.byte	0
00000308 5f5f434f5245    628 	.strz	"__CORE_V850E2R__ 1"
0000030e 5f5638353045 
00000314 32525f5f2031 
0000031a 00 
0000031b 01              629 	.byte	1
0000031c 00              630 	.byte	0
0000031d 5f5f434f5245    631 	.strz	"__CORE_V850E2__ 1"
00000323 5f5638353045 
00000329 325f5f203100 
0000032f 01              632 	.byte	1
00000330 00              633 	.byte	0
00000331 5f5f434f5245    634 	.strz	"__CORE_V850E__ 1"
00000337 5f5638353045 
0000033d 5f5f203100 
00000342 01              635 	.byte	1
00000343 00              636 	.byte	0
00000344 5f5f434f5245    637 	.strz	"__CORE_V850__ 1"
0000034a 5f563835305f 
00000350 5f203100 
00000354 01              638 	.byte	1
00000355 00              639 	.byte	0
00000356 5f5f56383530    640 	.strz	"__V850E 1"

                                                                      Page 14
                                                              C:\Users\JAKAJ~1.ISY\AppData\Local\Temp\gh_00002gc1.si
0000035c 45203100 
00000360 01              641 	.byte	1
00000361 00              642 	.byte	0
00000362 5f5f56383530    643 	.strz	"__V850E__ 1"
00000368 455f5f203100 
0000036e 01              644 	.byte	1
0000036f 00              645 	.byte	0
00000370 5f5f56383530    646 	.strz	"__V850E2 1"
00000376 4532203100 
0000037b 01              647 	.byte	1
0000037c 00              648 	.byte	0
0000037d 5f5f56383530    649 	.strz	"__V850E2__ 1"
00000383 45325f5f2031 
00000389 00 
0000038a 01              650 	.byte	1
0000038b 00              651 	.byte	0
0000038c 5f5f56383530    652 	.strz	"__V850E2R 1"
00000392 453252203100 
00000398 01              653 	.byte	1
00000399 00              654 	.byte	0
0000039a 5f5f56383530    655 	.strz	"__V850E2R__ 1"
000003a0 4532525f5f20 
000003a6 3100 
000003a8 01              656 	.byte	1
000003a9 00              657 	.byte	0
000003aa 5f5f56383530    658 	.strz	"__V850E2RV3 1"
000003b0 453252563320 
000003b6 3100 
000003b8 01              659 	.byte	1
000003b9 00              660 	.byte	0
000003ba 5f5f56383530    661 	.strz	"__V850E2RV3__ 1"
000003c0 45325256335f 
000003c6 5f203100 
000003ca 01              662 	.byte	1
000003cb 00              663 	.byte	0
000003cc 5f5f56383530    664 	.strz	"__V850E2V3 1"
000003d2 453256332031 
000003d8 00 
000003d9 01              665 	.byte	1
000003da 00              666 	.byte	0
000003db 5f5f56383530    667 	.strz	"__V850E2V3__ 1"
000003e1 453256335f5f 
000003e7 203100 
000003ea 01              668 	.byte	1
000003eb 00              669 	.byte	0
000003ec 5f5f56383530    670 	.strz	"__V850E3 1"
000003f2 4533203100 
000003f7 01              671 	.byte	1
000003f8 00              672 	.byte	0
000003f9 5f5f56383530    673 	.strz	"__V850E3__ 1"
000003ff 45335f5f2031 
00000405 00 
00000406 01              674 	.byte	1
00000407 00              675 	.byte	0
00000408 5f5f56383530    676 	.strz	"__V850E3V5 1"
0000040e 453356352031 
00000414 00 
00000415 01              677 	.byte	1
00000416 00              678 	.byte	0
00000417 5f5f56383530    679 	.strz	"__V850E3V5__ 1"
0000041d 453356355f5f 

                                                                      Page 15
                                                              C:\Users\JAKAJ~1.ISY\AppData\Local\Temp\gh_00002gc1.si
00000423 203100 
00000426 01              680 	.byte	1
00000427 00              681 	.byte	0
00000428 5f5f52483835    682 	.strz	"__RH850 1"
0000042e 30203100 
00000432 01              683 	.byte	1
00000433 00              684 	.byte	0
00000434 5f5f52483835    685 	.strz	"__RH850__ 1"
0000043a 305f5f203100 
00000440 01              686 	.byte	1
00000441 00              687 	.byte	0
00000442 5f5f56383530    688 	.strz	"__V850 1"
00000448 203100 
0000044b 01              689 	.byte	1
0000044c 00              690 	.byte	0
0000044d 5f5f56383530    691 	.strz	"__V850__ 1"
00000453 5f5f203100 
00000458 01              692 	.byte	1
00000459 00              693 	.byte	0
0000045a 5f5f52483835    694 	.strz	"__RH850G3K__ 1"
00000460 3047334b5f5f 
00000466 203100 
00000469 01              695 	.byte	1
0000046a 00              696 	.byte	0
0000046b 5f5f52483835    697 	.strz	"__RH850G3K 1"
00000471 3047334b2031 
00000477 00 
00000478 01              698 	.byte	1
00000479 00              699 	.byte	0
0000047a 5f5f56383030    700 	.strz	"__V800_reserve_r2 1"
00000480 5f7265736572 
00000486 76655f723220 
0000048c 3100 
0000048e 01              701 	.byte	1
0000048f 00              702 	.byte	0
00000490 5f5f56383030    703 	.strz	"__V800_reserve_r2__ 1"
00000496 5f7265736572 
0000049c 76655f72325f 
000004a2 5f203100 
000004a6 01              704 	.byte	1
000004a7 00              705 	.byte	0
000004a8 5f5f56383030    706 	.strz	"__V800_no_rosda 1"
000004ae 5f6e6f5f726f 
000004b4 736461203100 
000004ba 01              707 	.byte	1
000004bb 00              708 	.byte	0
000004bc 5f5f56383030    709 	.strz	"__V800_no_rosda__ 1"
000004c2 5f6e6f5f726f 
000004c8 7364615f5f20 
000004ce 3100 
000004d0 01              710 	.byte	1
000004d1 00              711 	.byte	0
000004d2 5f5f56383030    712 	.strz	"__V800_reserve_r5 1"
000004d8 5f7265736572 
000004de 76655f723520 
000004e4 3100 
000004e6 01              713 	.byte	1
000004e7 00              714 	.byte	0
000004e8 5f5f56383030    715 	.strz	"__V800_reserve_r5__ 1"
000004ee 5f7265736572 
000004f4 76655f72355f 

                                                                      Page 16
                                                              C:\Users\JAKAJ~1.ISY\AppData\Local\Temp\gh_00002gc1.si
000004fa 5f203100 
000004fe 01              716 	.byte	1
000004ff 00              717 	.byte	0
00000500 5f5f56383030    718 	.strz	"__V800_registermode 22"
00000506 5f7265676973 
0000050c 7465726d6f64 
00000512 6520323200 
00000517 01              719 	.byte	1
00000518 00              720 	.byte	0
00000519 5f5f56383030    721 	.strz	"__V800_registermode__ 22"
0000051f 5f7265676973 
00000525 7465726d6f64 
0000052b 655f5f203232 
00000531 00 
00000532 01              722 	.byte	1
00000533 00              723 	.byte	0
00000534 5f5f56383030    724 	.strz	"__V800_no_callt 1"
0000053a 5f6e6f5f6361 
00000540 6c6c74203100 
00000546 01              725 	.byte	1
00000547 00              726 	.byte	0
00000548 5f5f56383030    727 	.strz	"__V800_no_callt__ 1"
0000054e 5f6e6f5f6361 
00000554 6c6c745f5f20 
0000055a 3100 
0000055c 01              728 	.byte	1
0000055d 00              729 	.byte	0
0000055e 5f5f56383030    730 	.strz	"__V800 1"
00000564 203100 
00000567 01              731 	.byte	1
00000568 00              732 	.byte	0
00000569 5f5f56383030    733 	.strz	"__V800__ 1"
0000056f 5f5f203100 
00000574 01              734 	.byte	1
00000575 00              735 	.byte	0
00000576 5f5f76383530    736 	.strz	"__v850 1"
0000057c 203100 
0000057f 01              737 	.byte	1
00000580 00              738 	.byte	0
00000581 5f5f76383531    739 	.strz	"__v851__ 1"
00000587 5f5f203100 
0000058c 01              740 	.byte	1
0000058d 00              741 	.byte	0
0000058e 5f5f76383530    742 	.strz	"__v850e__ 1"
00000594 655f5f203100 
0000059a 01              743 	.byte	1
0000059b 00              744 	.byte	0
0000059c 5f5f52483835    745 	.strz	"__RH850_ABI_GHS2015__ 1"
000005a2 305f4142495f 
000005a8 474853323031 
000005ae 355f5f203100 
000005b4 01              746 	.byte	1
000005b5 00              747 	.byte	0
000005b6 5f5f6768735f    748 	.strz	"__ghs_alignment 8"
000005bc 616c69676e6d 
000005c2 656e74203800 
000005c8 01              749 	.byte	1
000005c9 00              750 	.byte	0
000005ca 5f5f6768735f    751 	.strz	"__ghs_max_pack_value 8"
000005d0 6d61785f7061 
000005d6 636b5f76616c 

                                                                      Page 17
                                                              C:\Users\JAKAJ~1.ISY\AppData\Local\Temp\gh_00002gc1.si
000005dc 7565203800 
000005e1 01              752 	.byte	1
000005e2 00              753 	.byte	0
000005e3 5f5f6768735f    754 	.strz	"__ghs_sda_threshold 32767"
000005e9 7364615f7468 
000005ef 726573686f6c 
000005f5 642033323736 
000005fb 3700 
000005fd 01              755 	.byte	1
000005fe 00              756 	.byte	0
000005ff 5f5f6768735f    757 	.strz	"__ghs_sda 1"
00000605 736461203100 
0000060b 01              758 	.byte	1
0000060c 00              759 	.byte	0
0000060d 5f5f6768735f    760 	.strz	"__ghs_zda 1"
00000613 7a6461203100 
00000619 01              761 	.byte	1
0000061a 00              762 	.byte	0
0000061b 5f5f4c697474    763 	.strz	"__LittleEndian 1"
00000621 6c65456e6469 
00000627 616e203100 
0000062c 01              764 	.byte	1
0000062d 00              765 	.byte	0
0000062e 5f5f4c697474    766 	.strz	"__LittleEndian__ 1"
00000634 6c65456e6469 
0000063a 616e5f5f2031 
00000640 00 
00000641 01              767 	.byte	1
00000642 00              768 	.byte	0
00000643 5f5f4c495454    769 	.strz	"__LITTLE_ENDIAN__ 1"
00000649 4c455f454e44 
0000064f 49414e5f5f20 
00000655 3100 
00000657 01              770 	.byte	1
00000658 00              771 	.byte	0
00000659 5f5f49656565    772 	.strz	"__IeeeFloat 1"
0000065f 466c6f617420 
00000665 3100 
00000667 01              773 	.byte	1
00000668 00              774 	.byte	0
00000669 5f5f49656565    775 	.strz	"__IeeeFloat__ 1"
0000066f 466c6f61745f 
00000675 5f203100 
00000679 01              776 	.byte	1
0000067a 00              777 	.byte	0
0000067b 5f5f43686172    778 	.strz	"__Char_Is_Signed__ 1"
00000681 5f49735f5369 
00000687 676e65645f5f 
0000068d 203100 
00000690 01              779 	.byte	1
00000691 00              780 	.byte	0
00000692 5f5f5349474e    781 	.strz	"__SIGNED_CHARS__ 1"
00000698 45445f434841 
0000069e 52535f5f2031 
000006a4 00 
000006a5 01              782 	.byte	1
000006a6 00              783 	.byte	0
000006a7 5f5f5074725f    784 	.strz	"__Ptr_Is_Unsigned__ 1"
000006ad 49735f556e73 
000006b3 69676e65645f 
000006b9 5f203100 

                                                                      Page 18
                                                              C:\Users\JAKAJ~1.ISY\AppData\Local\Temp\gh_00002gc1.si
000006bd 01              785 	.byte	1
000006be 00              786 	.byte	0
000006bf 5f5f4669656c    787 	.strz	"__Field_Is_Signed__ 1"
000006c5 645f49735f53 
000006cb 69676e65645f 
000006d1 5f203100 
000006d5 01              788 	.byte	1
000006d6 00              789 	.byte	0
000006d7 5f5f456e756d    790 	.strz	"__Enum_Field_Is_Signed__ 1"
000006dd 5f4669656c64 
000006e3 5f49735f5369 
000006e9 676e65645f5f 
000006ef 203100 
000006f2 01              791 	.byte	1
000006f3 00              792 	.byte	0
000006f4 5f5f496e745f    793 	.strz	"__Int_Is_32 1"
000006fa 49735f333220 
00000700 3100 
00000702 01              794 	.byte	1
00000703 00              795 	.byte	0
00000704 5f5f4c6f6e67    796 	.strz	"__Long_Is_32 1"
0000070a 5f49735f3332 
00000710 203100 
00000713 01              797 	.byte	1
00000714 00              798 	.byte	0
00000715 5f5f4c4c5f49    799 	.strz	"__LL_Is_64 1"
0000071b 735f36342031 
00000721 00 
00000722 01              800 	.byte	1
00000723 00              801 	.byte	0
00000724 5f5f5074725f    802 	.strz	"__Ptr_Is_32 1"
0000072a 49735f333220 
00000730 3100 
00000732 01              803 	.byte	1
00000733 00              804 	.byte	0
00000734 5f5f43484152    805 	.strz	"__CHAR_BIT 8"
0000073a 5f4249542038 
00000740 00 
00000741 01              806 	.byte	1
00000742 00              807 	.byte	0
00000743 5f5f53485254    808 	.strz	"__SHRT_BIT 16"
00000749 5f4249542031 
0000074f 3600 
00000751 01              809 	.byte	1
00000752 00              810 	.byte	0
00000753 5f5f494e545f    811 	.strz	"__INT_BIT 32"
00000759 424954203332 
0000075f 00 
00000760 01              812 	.byte	1
00000761 00              813 	.byte	0
00000762 5f5f4c4f4e47    814 	.strz	"__LONG_BIT 32"
00000768 5f4249542033 
0000076e 3200 
00000770 01              815 	.byte	1
00000771 00              816 	.byte	0
00000772 5f5f57434841    817 	.strz	"__WCHAR_BIT 32"
00000778 525f42495420 
0000077e 333200 
00000781 01              818 	.byte	1
00000782 00              819 	.byte	0
00000783 5f5f5054525f    820 	.strz	"__PTR_BIT 32"

                                                                      Page 19
                                                              C:\Users\JAKAJ~1.ISY\AppData\Local\Temp\gh_00002gc1.si
00000789 424954203332 
0000078f 00 
00000790 01              821 	.byte	1
00000791 00              822 	.byte	0
00000792 5f5f46554e43    823 	.strz	"__FUNCPTR_BIT 32"
00000798 5054525f4249 
0000079e 5420333200 
000007a3 01              824 	.byte	1
000007a4 00              825 	.byte	0
000007a5 5f5f54494d45    826 	.strz	"__TIME_T_BIT 32"
000007ab 5f545f424954 
000007b1 20333200 
000007b5 01              827 	.byte	1
000007b6 00              828 	.byte	0
000007b7 5f5f4c4c5f42    829 	.strz	"__LL_BIT 64"
000007bd 495420363400 
000007c3 01              830 	.byte	1
000007c4 00              831 	.byte	0
000007c5 5f5f4c4c4f4e    832 	.strz	"__LLONG_BIT 64"
000007cb 475f42495420 
000007d1 363400 
000007d4 01              833 	.byte	1
000007d5 00              834 	.byte	0
000007d6 5f5f4d41585f    835 	.strz	"__MAX_BIT 64"
000007dc 424954203634 
000007e2 00 
000007e3 01              836 	.byte	1
000007e4 00              837 	.byte	0
000007e5 5f5f4c44424c    838 	.strz	"__LDBL_BIT 64"
000007eb 5f4249542036 
000007f1 3400 
000007f3 01              839 	.byte	1
000007f4 00              840 	.byte	0
000007f5 5f5f4c44424c    841 	.strz	"__LDBL_SIZE 8"
000007fb 5f53495a4520 
00000801 3800 
00000803 01              842 	.byte	1
00000804 00              843 	.byte	0
00000805 5f5f5245475f    844 	.strz	"__REG_BIT 32"
0000080b 424954203332 
00000811 00 
00000812 01              845 	.byte	1
00000813 00              846 	.byte	0
00000814 5f5f46524547    847 	.strz	"__FREG_BIT 32"
0000081a 5f4249542033 
00000820 3200 
00000822 01              848 	.byte	1
00000823 00              849 	.byte	0
00000824 5f5f5265675f    850 	.strz	"__Reg_Is_32 1"
0000082a 49735f333220 
00000830 3100 
00000832 01              851 	.byte	1
00000833 00              852 	.byte	0
00000834 5f5f57436861    853 	.strz	"__WChar_Is_Signed__ 1"
0000083a 725f49735f53 
00000840 69676e65645f 
00000846 5f203100 
0000084a 01              854 	.byte	1
0000084b 00              855 	.byte	0
0000084c 5f5f57436861    856 	.strz	"__WChar_Is_Long__ 1"
00000852 725f49735f4c 

                                                                      Page 20
                                                              C:\Users\JAKAJ~1.ISY\AppData\Local\Temp\gh_00002gc1.si
00000858 6f6e675f5f20 
0000085e 3100 
00000860 01              857 	.byte	1
00000861 00              858 	.byte	0
00000862 5f5f4c414e47    859 	.strz	"__LANGUAGE_C 1"
00000868 554147455f43 
0000086e 203100 
00000871 01              860 	.byte	1
00000872 00              861 	.byte	0
00000873 5f5f4c414e47    862 	.strz	"__LANGUAGE_C__ 1"
00000879 554147455f43 
0000087f 5f5f203100 
00000884 01              863 	.byte	1
00000885 00              864 	.byte	0
00000886 5f5f4748535f    865 	.strz	"__GHS_FEATURE_STRIPPED 1"
0000088c 464541545552 
00000892 455f53545249 
00000898 505045442031 
0000089e 00 
0000089f 01              866 	.byte	1
000008a0 00              867 	.byte	0
000008a1 5f5f4748535f    868 	.strz	"__GHS_FEATURE_DISABLED 2"
000008a7 464541545552 
000008ad 455f44495341 
000008b3 424c45442032 
000008b9 00 
000008ba 01              869 	.byte	1
000008bb 00              870 	.byte	0
000008bc 5f5f4748535f    871 	.strz	"__GHS_FEATURE_ENABLED 3"
000008c2 464541545552 
000008c8 455f454e4142 
000008ce 4c4544203300 
000008d4 03              872 	.byte	3
000008d5 00              873 	.byte	0
000008d6 01              874 	.byte	1
000008d7 04              875 	.byte	4
000008d8 00              876 	.byte	0
                         877 	.section	.debug_abbrev
0000007c 00              878 	.byte	0
                         879 	.section	.debug_info
                         880 .Ldw_end:
                         881 .rh850_flags REGMODE22,DATA_ALIGN8,GP_FIX,EP_NONFIX,TP_FIX,REG2_RESERVE,G3K,SDA_EXTRA_REGS_0
